Log file open, 10/01/20 20:22:15
LogInit: Display: Running engine for game: neocat
LogPlatformFile: Not using cached read wrapper
LogTaskGraph: Started task graph with 5 named threads and 23 total threads with 3 sets of task threads.
LogStats: Stats thread started at 4.106984
LogD3D11RHI: Loaded GFSDK_Aftermath_Lib.x64.dll
LogICUInternationalization: ICU TimeZone Detection - Raw Offset: -6:00, Platform Override: ''
LogPluginManager: Mounting plugin Paper2D
LogPluginManager: Mounting plugin AISupport
LogPluginManager: Mounting plugin LightPropagationVolume
LogPluginManager: Mounting plugin CameraShakePreviewer
LogPluginManager: Mounting plugin ActorLayerUtilities
LogPluginManager: Mounting plugin AnimationSharing
LogPluginManager: Mounting plugin CLionSourceCodeAccess
LogPluginManager: Mounting plugin CodeLiteSourceCodeAccess
LogPluginManager: Mounting plugin GitSourceControl
LogPluginManager: Mounting plugin KDevelopSourceCodeAccess
LogPluginManager: Mounting plugin NullSourceCodeAccess
LogPluginManager: Mounting plugin PerforceSourceControl
LogPluginManager: Mounting plugin PlasticSourceControl
LogPluginManager: Mounting plugin RiderSourceCodeAccess
LogPluginManager: Mounting plugin SubversionSourceControl
LogPluginManager: Mounting plugin UObjectPlugin
LogPluginManager: Mounting plugin VisualStudioCodeSourceCodeAccess
LogPluginManager: Mounting plugin VisualStudioSourceCodeAccess
LogPluginManager: Mounting plugin XCodeSourceCodeAccess
LogPluginManager: Mounting plugin AssetManagerEditor
LogPluginManager: Mounting plugin CryptoKeys
LogPluginManager: Mounting plugin CurveEditorTools
LogPluginManager: Mounting plugin DataValidation
LogPluginManager: Mounting plugin EditorScriptingUtilities
LogPluginManager: Mounting plugin FacialAnimation
LogPluginManager: Mounting plugin GameplayTagsEditor
LogPluginManager: Mounting plugin GeometryMode
LogPluginManager: Mounting plugin MacGraphicsSwitching
LogPluginManager: Mounting plugin MaterialAnalyzer
LogPluginManager: Mounting plugin MobileLauncherProfileWizard
LogPluginManager: Mounting plugin PluginBrowser
LogPluginManager: Mounting plugin SpeedTreeImporter
LogPluginManager: Mounting plugin DatasmithContent
LogPluginManager: Mounting plugin VariantManagerContent
LogPluginManager: Mounting plugin AlembicImporter
LogPluginManager: Mounting plugin AutomationUtils
LogPluginManager: Mounting plugin BackChannel
LogPluginManager: Mounting plugin ChaosCloth
LogPluginManager: Mounting plugin ChaosClothEditor
LogPluginManager: Mounting plugin ChaosEditor
LogPluginManager: Mounting plugin ChaosNiagara
LogPluginManager: Mounting plugin ChaosSolverPlugin
LogPluginManager: Mounting plugin CharacterAI
LogPluginManager: Mounting plugin GeometryCache
LogPluginManager: Mounting plugin GeometryCollectionPlugin
LogPluginManager: Mounting plugin GeometryProcessing
LogPluginManager: Mounting plugin PlanarCut
LogPluginManager: Mounting plugin PlatformCrypto
LogPluginManager: Mounting plugin ProxyLODPlugin
LogPluginManager: Mounting plugin PythonScriptPlugin
LogPluginManager: Mounting plugin SkeletalReduction
LogPluginManager: Mounting plugin Niagara
LogPluginManager: Mounting plugin MagicLeap
LogPluginManager: Mounting plugin MagicLeapLightEstimation
LogPluginManager: Mounting plugin MagicLeapMedia
LogPluginManager: Mounting plugin MagicLeapPassableWorld
LogPluginManager: Mounting plugin MLSDK
LogPluginManager: Mounting plugin UIWS
LogPluginManager: Mounting plugin AndroidMedia
LogPluginManager: Mounting plugin AvfMedia
LogPluginManager: Mounting plugin ImgMedia
LogPluginManager: Mounting plugin MediaCompositing
LogPluginManager: Mounting plugin MediaPlayerEditor
LogPluginManager: Mounting plugin WebMMedia
LogPluginManager: Mounting plugin WmfMedia
LogPluginManager: Mounting plugin MegascansPlugin
LogPluginManager: Mounting plugin MeshPainting
LogPluginManager: Mounting plugin TcpMessaging
LogPluginManager: Mounting plugin UdpMessaging
LogPluginManager: Mounting plugin ActorSequence
LogPluginManager: Mounting plugin LevelSequenceEditor
LogPluginManager: Mounting plugin MatineeToLevelSequence
LogPluginManager: Mounting plugin MovieRenderPipeline
LogPluginManager: Mounting plugin TemplateSequence
LogPluginManager: Mounting plugin NetcodeUnitTest
LogPluginManager: Mounting plugin NUTUnrealEngine4
LogPluginManager: Mounting plugin OnlineSubsystemGooglePlay
LogPluginManager: Mounting plugin OnlineSubsystemIOS
LogPluginManager: Mounting plugin OnlineSubsystem
LogPluginManager: Mounting plugin OnlineSubsystemNull
LogPluginManager: Mounting plugin OnlineSubsystemUtils
LogPluginManager: Mounting plugin LauncherChunkInstaller
LogPluginManager: Mounting plugin AndroidDeviceProfileSelector
LogPluginManager: Mounting plugin AndroidMoviePlayer
LogPluginManager: Mounting plugin AndroidPermission
LogPluginManager: Mounting plugin AppleImageUtils
LogPluginManager: Mounting plugin AppleMoviePlayer
LogPluginManager: Mounting plugin ArchVisCharacter
LogPluginManager: Mounting plugin AssetTags
LogPluginManager: Mounting plugin AudioCapture
LogPluginManager: Mounting plugin CableComponent
LogPluginManager: Mounting plugin CustomMeshComponent
LogPluginManager: Mounting plugin EditableMesh
LogPluginManager: Mounting plugin ExampleDeviceProfileSelector
LogPluginManager: Mounting plugin GoogleCloudMessaging
LogPluginManager: Mounting plugin GooglePAD
LogPluginManager: Mounting plugin IOSDeviceProfileSelector
LogPluginManager: Mounting plugin LinuxDeviceProfileSelector
LogPluginManager: Mounting plugin LocationServicesBPLibrary
LogPluginManager: Mounting plugin MobilePatchingUtils
LogPluginManager: Mounting plugin OculusVR
LogPluginManager: Mounting plugin PhysXVehicles
LogPluginManager: Mounting plugin PostSplashScreen
LogPluginManager: Mounting plugin ProceduralMeshComponent
LogPluginManager: Mounting plugin RuntimePhysXCooking
LogPluginManager: Mounting plugin SignificanceManager
LogPluginManager: Mounting plugin SoundFields
LogPluginManager: Mounting plugin SteamVR
LogPluginManager: Mounting plugin Synthesis
LogPluginManager: Mounting plugin WebMMoviePlayer
LogPluginManager: Mounting plugin WindowsMoviePlayer
LogPluginManager: Mounting plugin ScreenshotTools
LogInit: Using libcurl 7.55.1-DEV
LogInit:  - built for x86_64-pc-win32
LogInit:  - supports SSL with OpenSSL/1.1.1
LogInit:  - supports HTTP deflate (compression) using libz 1.2.8
LogInit:  - other features:
LogInit:      CURL_VERSION_SSL
LogInit:      CURL_VERSION_LIBZ
LogInit:      CURL_VERSION_IPV6
LogInit:      CURL_VERSION_ASYNCHDNS
LogInit:      CURL_VERSION_LARGEFILE
LogInit:      CURL_VERSION_IDN
LogInit:  CurlRequestOptions (configurable via config and command line):
LogInit:  - bVerifyPeer = true  - Libcurl will verify peer certificate
LogInit:  - bUseHttpProxy = false  - Libcurl will NOT use HTTP proxy
LogInit:  - bDontReuseConnections = false  - Libcurl will reuse connections
LogInit:  - MaxHostConnections = 16  - Libcurl will limit the number of connections to a host
LogInit:  - LocalHostAddr = Default
LogInit:  - BufferSize = 65536
LogOnline: OSS: Creating online subsystem instance for: NULL
LogInit: WinSock: version 1.1 (2.2), MaxSocks=32767, MaxUdp=65467
LogOnline: OSS: TryLoadSubsystemAndSetDefault: Loaded subsystem for module [NULL]
LogInit: Build: ++UE4+Release-4.25-CL-13942748
LogInit: Engine Version: 4.25.3-13942748+++UE4+Release-4.25
LogInit: Compatible Engine Version: 4.25.0-13144385+++UE4+Release-4.25
LogInit: Net CL: 13144385
LogInit: OS: Windows 10 (Release 1909) (), CPU: Intel(R) Core(TM) i7-6700HQ CPU @ 2.60GHz, GPU: Intel(R) HD Graphics 530
LogInit: Compiled (64-bit): Jul 25 2020 02:07:48
LogInit: Compiled with Visual C++: 19.24.28315.00
LogInit: Build Configuration: Development
LogInit: Branch Name: ++UE4+Release-4.25
LogInit: Command Line: 
LogInit: Base Directory: D:/Epic Games/UE_4.25/Engine/Binaries/Win64/
LogInit: Allocator: TBB
LogInit: Installed Engine Build: 1
LogDevObjectVersion: Number of dev versions registered: 26
LogDevObjectVersion:   Dev-Blueprints (B0D832E4-1F89-4F0D-ACCF-7EB736FD4AA2): 10
LogDevObjectVersion:   Dev-Build (E1C64328-A22C-4D53-A36C-8E866417BD8C): 0
LogDevObjectVersion:   Dev-Core (375EC13C-06E4-48FB-B500-84F0262A717E): 4
LogDevObjectVersion:   Dev-Editor (E4B068ED-F494-42E9-A231-DA0B2E46BB41): 38
LogDevObjectVersion:   Dev-Framework (CFFC743F-43B0-4480-9391-14DF171D2073): 37
LogDevObjectVersion:   Dev-Mobile (B02B49B5-BB20-44E9-A304-32B752E40360): 2
LogDevObjectVersion:   Dev-Networking (A4E4105C-59A1-49B5-A7C5-40C4547EDFEE): 0
LogDevObjectVersion:   Dev-Online (39C831C9-5AE6-47DC-9A44-9C173E1C8E7C): 0
LogDevObjectVersion:   Dev-Physics (78F01B33-EBEA-4F98-B9B4-84EACCB95AA2): 4
LogDevObjectVersion:   Dev-Platform (6631380F-2D4D-43E0-8009-CF276956A95A): 0
LogDevObjectVersion:   Dev-Rendering (12F88B9F-8875-4AFC-A67C-D90C383ABD29): 43
LogDevObjectVersion:   Dev-Sequencer (7B5AE74C-D270-4C10-A958-57980B212A5A): 12
LogDevObjectVersion:   Dev-VR (D7296918-1DD6-4BDD-9DE2-64A83CC13884): 3
LogDevObjectVersion:   Dev-LoadTimes (C2A15278-BFE7-4AFE-6C17-90FF531DF755): 1
LogDevObjectVersion:   Private-Geometry (6EACA3D4-40EC-4CC1-B786-8BED09428FC5): 3
LogDevObjectVersion:   Dev-AnimPhys (29E575DD-E0A3-4627-9D10-D276232CDCEA): 17
LogDevObjectVersion:   Dev-Anim (AF43A65D-7FD3-4947-9873-3E8ED9C1BB05): 7
LogDevObjectVersion:   Dev-ReflectionCapture (6B266CEC-1EC7-4B8F-A30B-E4D90942FC07): 1
LogDevObjectVersion:   Dev-Automation (0DF73D61-A23F-47EA-B727-89E90C41499A): 1
LogDevObjectVersion:   FortniteMain (601D1886-AC64-4F84-AA16-D3DE0DEAC7D6): 31
LogDevObjectVersion:   Dev-Enterprise (9DFFBCD6-494F-0158-E221-12823C92A888): 10
LogDevObjectVersion:   Dev-Niagara (F2AED0AC-9AFE-416F-8664-AA7FFA26D6FC): 1
LogDevObjectVersion:   Dev-Destruction (174F1F0B-B4C6-45A5-B13F-2EE8D0FB917D): 10
LogDevObjectVersion:   Dev-Physics-Ext (35F94A83-E258-406C-A318-09F59610247C): 37
LogDevObjectVersion:   Dev-PhysicsMaterial-Chaos (B68FC16E-8B1B-42E2-B453-215C058844FE): 1
LogDevObjectVersion:   Dev-CineCamera (B2E18506-4273-CFC2-A54E-F4BB758BBA07): 1
LogInit: Presizing for max 25165824 objects, including 0 objects not considered by GC, pre-allocating 0 bytes for permanent pool.
LogConfig: Applying CVar settings from Section [/Script/Engine.StreamingSettings] File [D:/projects/Neocat_Samurai/neocat/Saved/Config/Windows/Engine.ini]
LogConfig: Setting CVar [[s.MinBulkDataSizeForAsyncLoading:131072]]
LogConfig: Setting CVar [[s.AsyncLoadingThreadEnabled:0]]
LogConfig: Setting CVar [[s.EventDrivenLoaderEnabled:1]]
LogConfig: Setting CVar [[s.WarnIfTimeLimitExceeded:0]]
LogConfig: Setting CVar [[s.TimeLimitExceededMultiplier:1.5]]
LogConfig: Setting CVar [[s.TimeLimitExceededMinTime:0.005]]
LogConfig: Setting CVar [[s.UseBackgroundLevelStreaming:1]]
LogConfig: Setting CVar [[s.PriorityAsyncLoadingExtraTime:15.0]]
LogConfig: Setting CVar [[s.LevelStreamingActorsUpdateTimeLimit:5.0]]
LogConfig: Setting CVar [[s.PriorityLevelStreamingActorsUpdateExtraTime:5.0]]
LogConfig: Setting CVar [[s.LevelStreamingComponentsRegistrationGranularity:10]]
LogConfig: Setting CVar [[s.UnregisterComponentsTimeLimit:1.0]]
LogConfig: Setting CVar [[s.LevelStreamingComponentsUnregistrationGranularity:5]]
LogConfig: Setting CVar [[s.FlushStreamingOnExit:1]]
LogInit: Object subsystem initialized
LogConfig: Setting CVar [[con.DebugEarlyDefault:1]]
LogConfig: Setting CVar [[r.setres:1280x720]]
[2020.10.02-01.22.17:919][  0]LogConfig: Setting CVar [[r.VSync:0]]
[2020.10.02-01.22.17:919][  0]LogConfig: Setting CVar [[r.RHICmdBypass:0]]
[2020.10.02-01.22.17:920][  0]LogConfig: Applying CVar settings from Section [/Script/Engine.RendererSettings] File [D:/projects/Neocat_Samurai/neocat/Saved/Config/Windows/Engine.ini]
[2020.10.02-01.22.17:920][  0]LogConfig: Setting CVar [[r.GPUCrashDebugging:0]]
[2020.10.02-01.22.17:920][  0]LogConfig: Applying CVar settings from Section [/Script/Engine.RendererOverrideSettings] File [D:/projects/Neocat_Samurai/neocat/Saved/Config/Windows/Engine.ini]
[2020.10.02-01.22.17:920][  0]LogConfig: Applying CVar settings from Section [/Script/Engine.StreamingSettings] File [D:/projects/Neocat_Samurai/neocat/Saved/Config/Windows/Engine.ini]
[2020.10.02-01.22.17:920][  0]LogConfig: Setting CVar [[s.MinBulkDataSizeForAsyncLoading:131072]]
[2020.10.02-01.22.17:920][  0]LogConfig: Setting CVar [[s.AsyncLoadingThreadEnabled:0]]
[2020.10.02-01.22.17:920][  0]LogConfig: Setting CVar [[s.EventDrivenLoaderEnabled:1]]
[2020.10.02-01.22.17:920][  0]LogConfig: Setting CVar [[s.WarnIfTimeLimitExceeded:0]]
[2020.10.02-01.22.17:920][  0]LogConfig: Setting CVar [[s.TimeLimitExceededMultiplier:1.5]]
[2020.10.02-01.22.17:920][  0]LogConfig: Setting CVar [[s.TimeLimitExceededMinTime:0.005]]
[2020.10.02-01.22.17:920][  0]LogConfig: Setting CVar [[s.UseBackgroundLevelStreaming:1]]
[2020.10.02-01.22.17:920][  0]LogConfig: Setting CVar [[s.PriorityAsyncLoadingExtraTime:15.0]]
[2020.10.02-01.22.17:920][  0]LogConfig: Setting CVar [[s.LevelStreamingActorsUpdateTimeLimit:5.0]]
[2020.10.02-01.22.17:920][  0]LogConfig: Setting CVar [[s.PriorityLevelStreamingActorsUpdateExtraTime:5.0]]
[2020.10.02-01.22.17:920][  0]LogConfig: Setting CVar [[s.LevelStreamingComponentsRegistrationGranularity:10]]
[2020.10.02-01.22.17:920][  0]LogConfig: Setting CVar [[s.UnregisterComponentsTimeLimit:1.0]]
[2020.10.02-01.22.17:920][  0]LogConfig: Setting CVar [[s.LevelStreamingComponentsUnregistrationGranularity:5]]
[2020.10.02-01.22.17:920][  0]LogConfig: Setting CVar [[s.FlushStreamingOnExit:1]]
[2020.10.02-01.22.17:920][  0]LogConfig: Applying CVar settings from Section [/Script/Engine.GarbageCollectionSettings] File [D:/projects/Neocat_Samurai/neocat/Saved/Config/Windows/Engine.ini]
[2020.10.02-01.22.17:920][  0]LogConfig: Setting CVar [[gc.MaxObjectsNotConsideredByGC:1]]
[2020.10.02-01.22.17:920][  0]LogConfig: Setting CVar [[gc.SizeOfPermanentObjectPool:0]]
[2020.10.02-01.22.17:920][  0]LogConfig: Setting CVar [[gc.FlushStreamingOnGC:0]]
[2020.10.02-01.22.17:920][  0]LogConfig: Setting CVar [[gc.NumRetriesBeforeForcingGC:10]]
[2020.10.02-01.22.17:920][  0]LogConfig: Setting CVar [[gc.AllowParallelGC:1]]
[2020.10.02-01.22.17:920][  0]LogConfig: Setting CVar [[gc.TimeBetweenPurgingPendingKillObjects:61.1]]
[2020.10.02-01.22.17:920][  0]LogConfig: Setting CVar [[gc.MaxObjectsInEditor:25165824]]
[2020.10.02-01.22.17:920][  0]LogConfig: Setting CVar [[gc.IncrementalBeginDestroyEnabled:1]]
[2020.10.02-01.22.17:920][  0]LogConfig: Setting CVar [[gc.CreateGCClusters:1]]
[2020.10.02-01.22.17:920][  0]LogConfig: Setting CVar [[gc.MinGCClusterSize:5]]
[2020.10.02-01.22.17:920][  0]LogConfig: Setting CVar [[gc.ActorClusteringEnabled:0]]
[2020.10.02-01.22.17:920][  0]LogConfig: Setting CVar [[gc.BlueprintClusteringEnabled:0]]
[2020.10.02-01.22.17:920][  0]LogConfig: Setting CVar [[gc.UseDisregardForGCOnDedicatedServers:0]]
[2020.10.02-01.22.17:920][  0]LogConfig: Applying CVar settings from Section [/Script/Engine.NetworkSettings] File [D:/projects/Neocat_Samurai/neocat/Saved/Config/Windows/Engine.ini]
[2020.10.02-01.22.17:920][  0]LogConfig: Applying CVar settings from Section [/Script/UnrealEd.CookerSettings] File [D:/projects/Neocat_Samurai/neocat/Saved/Config/Windows/Engine.ini]
[2020.10.02-01.22.17:933][  0]LogConfig: Applying CVar settings from Section [ViewDistanceQuality@3] File [D:/projects/Neocat_Samurai/neocat/Saved/Config/Windows/Scalability.ini]
[2020.10.02-01.22.17:933][  0]LogConfig: Setting CVar [[r.SkeletalMeshLODBias:0]]
[2020.10.02-01.22.17:933][  0]LogConfig: Setting CVar [[r.ViewDistanceScale:1.0]]
[2020.10.02-01.22.17:933][  0]LogConfig: Applying CVar settings from Section [AntiAliasingQuality@3] File [D:/projects/Neocat_Samurai/neocat/Saved/Config/Windows/Scalability.ini]
[2020.10.02-01.22.17:933][  0]LogConfig: Setting CVar [[r.PostProcessAAQuality:4]]
[2020.10.02-01.22.17:933][  0]LogConfig: Applying CVar settings from Section [ShadowQuality@3] File [D:/projects/Neocat_Samurai/neocat/Saved/Config/Windows/Scalability.ini]
[2020.10.02-01.22.17:933][  0]LogConfig: Setting CVar [[r.LightFunctionQuality:1]]
[2020.10.02-01.22.17:933][  0]LogConfig: Setting CVar [[r.ShadowQuality:5]]
[2020.10.02-01.22.17:933][  0]LogConfig: Setting CVar [[r.Shadow.CSM.MaxCascades:10]]
[2020.10.02-01.22.17:933][  0]LogConfig: Setting CVar [[r.Shadow.MaxResolution:2048]]
[2020.10.02-01.22.17:933][  0]LogConfig: Setting CVar [[r.Shadow.MaxCSMResolution:2048]]
[2020.10.02-01.22.17:933][  0]LogConfig: Setting CVar [[r.Shadow.RadiusThreshold:0.01]]
[2020.10.02-01.22.17:933][  0]LogConfig: Setting CVar [[r.Shadow.DistanceScale:1.0]]
[2020.10.02-01.22.17:933][  0]LogConfig: Setting CVar [[r.Shadow.CSM.TransitionScale:1.0]]
[2020.10.02-01.22.17:933][  0]LogConfig: Setting CVar [[r.Shadow.PreShadowResolutionFactor:1.0]]
[2020.10.02-01.22.17:933][  0]LogConfig: Setting CVar [[r.DistanceFieldShadowing:1]]
[2020.10.02-01.22.17:933][  0]LogConfig: Setting CVar [[r.DistanceFieldAO:1]]
[2020.10.02-01.22.17:933][  0]LogConfig: Setting CVar [[r.AOQuality:2]]
[2020.10.02-01.22.17:933][  0]LogConfig: Setting CVar [[r.VolumetricFog:1]]
[2020.10.02-01.22.17:933][  0]LogConfig: Setting CVar [[r.VolumetricFog.GridPixelSize:8]]
[2020.10.02-01.22.17:933][  0]LogConfig: Setting CVar [[r.VolumetricFog.GridSizeZ:128]]
[2020.10.02-01.22.17:933][  0]LogConfig: Setting CVar [[r.VolumetricFog.HistoryMissSupersampleCount:4]]
[2020.10.02-01.22.17:933][  0]LogConfig: Setting CVar [[r.LightMaxDrawDistanceScale:1]]
[2020.10.02-01.22.17:933][  0]LogConfig: Setting CVar [[r.CapsuleShadows:1]]
[2020.10.02-01.22.17:933][  0]LogConfig: Applying CVar settings from Section [PostProcessQuality@3] File [D:/projects/Neocat_Samurai/neocat/Saved/Config/Windows/Scalability.ini]
[2020.10.02-01.22.17:933][  0]LogConfig: Setting CVar [[r.MotionBlurQuality:4]]
[2020.10.02-01.22.17:933][  0]LogConfig: Setting CVar [[r.AmbientOcclusionMipLevelFactor:0.4]]
[2020.10.02-01.22.17:933][  0]LogConfig: Setting CVar [[r.AmbientOcclusionMaxQuality:100]]
[2020.10.02-01.22.17:933][  0]LogConfig: Setting CVar [[r.AmbientOcclusionLevels:-1]]
[2020.10.02-01.22.17:933][  0]LogConfig: Setting CVar [[r.AmbientOcclusionRadiusScale:1.0]]
[2020.10.02-01.22.17:933][  0]LogConfig: Setting CVar [[r.DepthOfFieldQuality:2]]
[2020.10.02-01.22.17:933][  0]LogConfig: Setting CVar [[r.RenderTargetPoolMin:400]]
[2020.10.02-01.22.17:933][  0]LogConfig: Setting CVar [[r.LensFlareQuality:2]]
[2020.10.02-01.22.17:933][  0]LogConfig: Setting CVar [[r.SceneColorFringeQuality:1]]
[2020.10.02-01.22.17:933][  0]LogConfig: Setting CVar [[r.EyeAdaptationQuality:2]]
[2020.10.02-01.22.17:933][  0]LogConfig: Setting CVar [[r.BloomQuality:5]]
[2020.10.02-01.22.17:933][  0]LogConfig: Setting CVar [[r.FastBlurThreshold:100]]
[2020.10.02-01.22.17:933][  0]LogConfig: Setting CVar [[r.Upscale.Quality:3]]
[2020.10.02-01.22.17:933][  0]LogConfig: Setting CVar [[r.Tonemapper.GrainQuantization:1]]
[2020.10.02-01.22.17:933][  0]LogConfig: Setting CVar [[r.LightShaftQuality:1]]
[2020.10.02-01.22.17:933][  0]LogConfig: Setting CVar [[r.Filter.SizeScale:1]]
[2020.10.02-01.22.17:933][  0]LogConfig: Setting CVar [[r.Tonemapper.Quality:5]]
[2020.10.02-01.22.17:933][  0]LogConfig: Setting CVar [[r.DOF.Gather.AccumulatorQuality:1        ; higher gathering accumulator quality]]
[2020.10.02-01.22.17:933][  0]LogConfig: Setting CVar [[r.DOF.Gather.PostfilterMethod:1          ; Median3x3 postfilering method]]
[2020.10.02-01.22.17:934][  0]LogConfig: Setting CVar [[r.DOF.Gather.EnableBokehSettings:0       ; no bokeh simulation when gathering]]
[2020.10.02-01.22.17:934][  0]LogConfig: Setting CVar [[r.DOF.Gather.RingCount:4                 ; medium number of samples when gathering]]
[2020.10.02-01.22.17:934][  0]LogConfig: Setting CVar [[r.DOF.Scatter.ForegroundCompositing:1    ; additive foreground scattering]]
[2020.10.02-01.22.17:934][  0]LogConfig: Setting CVar [[r.DOF.Scatter.BackgroundCompositing:2    ; additive background scattering]]
[2020.10.02-01.22.17:934][  0]LogConfig: Setting CVar [[r.DOF.Scatter.EnableBokehSettings:1      ; bokeh simulation when scattering]]
[2020.10.02-01.22.17:934][  0]LogConfig: Setting CVar [[r.DOF.Scatter.MaxSpriteRatio:0.1         ; only a maximum of 10% of scattered bokeh]]
[2020.10.02-01.22.17:934][  0]LogConfig: Setting CVar [[r.DOF.Recombine.Quality:1                ; cheap slight out of focus]]
[2020.10.02-01.22.17:934][  0]LogConfig: Setting CVar [[r.DOF.Recombine.EnableBokehSettings:0    ; no bokeh simulation on slight out of focus]]
[2020.10.02-01.22.17:934][  0]LogConfig: Setting CVar [[r.DOF.TemporalAAQuality:1                ; more stable temporal accumulation]]
[2020.10.02-01.22.17:934][  0]LogConfig: Setting CVar [[r.DOF.Kernel.MaxForegroundRadius:0.025]]
[2020.10.02-01.22.17:934][  0]LogConfig: Setting CVar [[r.DOF.Kernel.MaxBackgroundRadius:0.025]]
[2020.10.02-01.22.17:934][  0]LogConfig: Applying CVar settings from Section [TextureQuality@3] File [D:/projects/Neocat_Samurai/neocat/Saved/Config/Windows/Scalability.ini]
[2020.10.02-01.22.17:934][  0]LogConfig: Setting CVar [[r.Streaming.MipBias:0]]
[2020.10.02-01.22.17:934][  0]LogConfig: Setting CVar [[r.Streaming.AmortizeCPUToGPUCopy:0]]
[2020.10.02-01.22.17:934][  0]LogConfig: Setting CVar [[r.Streaming.MaxNumTexturesToStreamPerFrame:0]]
[2020.10.02-01.22.17:934][  0]LogConfig: Setting CVar [[r.Streaming.Boost:1]]
[2020.10.02-01.22.17:934][  0]LogConfig: Setting CVar [[r.MaxAnisotropy:8]]
[2020.10.02-01.22.17:934][  0]LogConfig: Setting CVar [[r.VT.MaxAnisotropy:8]]
[2020.10.02-01.22.17:934][  0]LogConfig: Setting CVar [[r.Streaming.LimitPoolSizeToVRAM:0]]
[2020.10.02-01.22.17:934][  0]LogConfig: Setting CVar [[r.Streaming.PoolSize:1000]]
[2020.10.02-01.22.17:934][  0]LogConfig: Setting CVar [[r.Streaming.MaxEffectiveScreenSize:0]]
[2020.10.02-01.22.17:934][  0]LogConfig: Applying CVar settings from Section [EffectsQuality@3] File [D:/projects/Neocat_Samurai/neocat/Saved/Config/Windows/Scalability.ini]
[2020.10.02-01.22.17:934][  0]LogConfig: Setting CVar [[r.TranslucencyLightingVolumeDim:64]]
[2020.10.02-01.22.17:934][  0]LogConfig: Setting CVar [[r.RefractionQuality:2]]
[2020.10.02-01.22.17:934][  0]LogConfig: Setting CVar [[r.SSR.Quality:3]]
[2020.10.02-01.22.17:934][  0]LogConfig: Setting CVar [[r.SSR.HalfResSceneColor:0]]
[2020.10.02-01.22.17:934][  0]LogConfig: Setting CVar [[r.SceneColorFormat:4]]
[2020.10.02-01.22.17:934][  0]LogConfig: Setting CVar [[r.DetailMode:2]]
[2020.10.02-01.22.17:934][  0]LogConfig: Setting CVar [[r.TranslucencyVolumeBlur:1]]
[2020.10.02-01.22.17:934][  0]LogConfig: Setting CVar [[r.MaterialQualityLevel:1 ; High quality]]
[2020.10.02-01.22.17:934][  0]LogConfig: Setting CVar [[r.SSS.Scale:1]]
[2020.10.02-01.22.17:935][  0]LogConfig: Setting CVar [[r.SSS.SampleSet:2]]
[2020.10.02-01.22.17:935][  0]LogConfig: Setting CVar [[r.SSS.Quality:1]]
[2020.10.02-01.22.17:935][  0]LogConfig: Setting CVar [[r.SSS.HalfRes:0]]
[2020.10.02-01.22.17:935][  0]LogConfig: Setting CVar [[r.SSGI.Quality:3]]
[2020.10.02-01.22.17:935][  0]LogConfig: Setting CVar [[r.EmitterSpawnRateScale:1.0]]
[2020.10.02-01.22.17:935][  0]LogConfig: Setting CVar [[r.ParticleLightQuality:2]]
[2020.10.02-01.22.17:935][  0]LogConfig: Setting CVar [[r.SkyAtmosphere.AerialPerspectiveLUT.FastApplyOnOpaque:1 ; Always have FastSkyLUT 1 in this case to avoid wrong sky]]
[2020.10.02-01.22.17:935][  0]LogConfig: Setting CVar [[r.SkyAtmosphere.AerialPerspectiveLUT.SampleCountPerSlice:1]]
[2020.10.02-01.22.17:935][  0]LogConfig: Setting CVar [[r.SkyAtmosphere.AerialPerspectiveLUT.DepthResolution:16.0]]
[2020.10.02-01.22.17:935][  0]LogConfig: Setting CVar [[r.SkyAtmosphere.FastSkyLUT:1]]
[2020.10.02-01.22.17:935][  0]LogConfig: Setting CVar [[r.SkyAtmosphere.FastSkyLUT.SampleCountMin:4.0]]
[2020.10.02-01.22.17:935][  0]LogConfig: Setting CVar [[r.SkyAtmosphere.FastSkyLUT.SampleCountMax:32.0]]
[2020.10.02-01.22.17:935][  0]LogConfig: Setting CVar [[r.SkyAtmosphere.SampleCountMin:4.0]]
[2020.10.02-01.22.17:935][  0]LogConfig: Setting CVar [[r.SkyAtmosphere.SampleCountMax:32.0]]
[2020.10.02-01.22.17:935][  0]LogConfig: Setting CVar [[r.SkyAtmosphere.TransmittanceLUT.UseSmallFormat:0]]
[2020.10.02-01.22.17:935][  0]LogConfig: Setting CVar [[r.SkyAtmosphere.TransmittanceLUT.SampleCount:10.0]]
[2020.10.02-01.22.17:935][  0]LogConfig: Setting CVar [[r.SkyAtmosphere.MultiScatteringLUT.SampleCount:15.0]]
[2020.10.02-01.22.17:935][  0]LogConfig: Applying CVar settings from Section [FoliageQuality@3] File [D:/projects/Neocat_Samurai/neocat/Saved/Config/Windows/Scalability.ini]
[2020.10.02-01.22.17:935][  0]LogConfig: Setting CVar [[foliage.DensityScale:1.0]]
[2020.10.02-01.22.17:935][  0]LogConfig: Setting CVar [[grass.DensityScale:1.0]]
[2020.10.02-01.22.17:935][  0]LogConfig: Applying CVar settings from Section [ShadingQuality@3] File [D:/projects/Neocat_Samurai/neocat/Saved/Config/Windows/Scalability.ini]
[2020.10.02-01.22.17:935][  0]LogConfig: Setting CVar [[r.HairStrands.SkyLighting.SampleCount:16]]
[2020.10.02-01.22.17:935][  0]LogConfig: Setting CVar [[r.HairStrands.SkyLighting.JitterIntegration:0]]
[2020.10.02-01.22.17:935][  0]LogConfig: Setting CVar [[r.HairStrands.SkyAO.SampleCount:16]]
[2020.10.02-01.22.17:935][  0]LogConfig: Setting CVar [[r.HairStrands.DeepShadow.SuperSampling:0]]
[2020.10.02-01.22.17:935][  0]LogConfig: Setting CVar [[r.HairStrands.VisibilityPPLL:0]]
[2020.10.02-01.22.17:935][  0]LogConfig: Setting CVar [[r.HairStrands.RasterizationScale:0.5]]
[2020.10.02-01.22.17:935][  0]LogConfig: Setting CVar [[r.HairStrands.VelocityRasterizationScale:1]]
[2020.10.02-01.22.17:935][  0]LogInit: Selected Device Profile: [Windows]
[2020.10.02-01.22.17:935][  0]LogInit: Applying CVar settings loaded from the selected device profile: [Windows]
[2020.10.02-01.22.17:950][  0]LogHAL: Display: Platform has ~ 16 GB [17044865024 / 17179869184 / 16], which maps to Larger [LargestMinGB=32, LargerMinGB=12, DefaultMinGB=8, SmallerMinGB=6, SmallestMinGB=0)
[2020.10.02-01.22.17:950][  0]LogInit: Going up to parent DeviceProfile []
[2020.10.02-01.22.17:958][  0]LogConfig: Applying CVar settings from Section [ViewDistanceQuality@3] File [D:/projects/Neocat_Samurai/neocat/Saved/Config/Windows/Scalability.ini]
[2020.10.02-01.22.17:958][  0]LogConfig: Setting CVar [[r.SkeletalMeshLODBias:0]]
[2020.10.02-01.22.17:958][  0]LogConfig: Setting CVar [[r.ViewDistanceScale:1.0]]
[2020.10.02-01.22.17:958][  0]LogConfig: Applying CVar settings from Section [AntiAliasingQuality@3] File [D:/projects/Neocat_Samurai/neocat/Saved/Config/Windows/Scalability.ini]
[2020.10.02-01.22.17:958][  0]LogConfig: Setting CVar [[r.PostProcessAAQuality:4]]
[2020.10.02-01.22.17:958][  0]LogConfig: Applying CVar settings from Section [ShadowQuality@3] File [D:/projects/Neocat_Samurai/neocat/Saved/Config/Windows/Scalability.ini]
[2020.10.02-01.22.17:959][  0]LogConfig: Setting CVar [[r.LightFunctionQuality:1]]
[2020.10.02-01.22.17:959][  0]LogConfig: Setting CVar [[r.ShadowQuality:5]]
[2020.10.02-01.22.17:959][  0]LogConfig: Setting CVar [[r.Shadow.CSM.MaxCascades:10]]
[2020.10.02-01.22.17:959][  0]LogConfig: Setting CVar [[r.Shadow.MaxResolution:2048]]
[2020.10.02-01.22.17:959][  0]LogConfig: Setting CVar [[r.Shadow.MaxCSMResolution:2048]]
[2020.10.02-01.22.17:959][  0]LogConfig: Setting CVar [[r.Shadow.RadiusThreshold:0.01]]
[2020.10.02-01.22.17:959][  0]LogConfig: Setting CVar [[r.Shadow.DistanceScale:1.0]]
[2020.10.02-01.22.17:959][  0]LogConfig: Setting CVar [[r.Shadow.CSM.TransitionScale:1.0]]
[2020.10.02-01.22.17:959][  0]LogConfig: Setting CVar [[r.Shadow.PreShadowResolutionFactor:1.0]]
[2020.10.02-01.22.17:959][  0]LogConfig: Setting CVar [[r.DistanceFieldShadowing:1]]
[2020.10.02-01.22.17:959][  0]LogConfig: Setting CVar [[r.DistanceFieldAO:1]]
[2020.10.02-01.22.17:959][  0]LogConfig: Setting CVar [[r.AOQuality:2]]
[2020.10.02-01.22.17:959][  0]LogConfig: Setting CVar [[r.VolumetricFog:1]]
[2020.10.02-01.22.17:959][  0]LogConfig: Setting CVar [[r.VolumetricFog.GridPixelSize:8]]
[2020.10.02-01.22.17:959][  0]LogConfig: Setting CVar [[r.VolumetricFog.GridSizeZ:128]]
[2020.10.02-01.22.17:959][  0]LogConfig: Setting CVar [[r.VolumetricFog.HistoryMissSupersampleCount:4]]
[2020.10.02-01.22.17:959][  0]LogConfig: Setting CVar [[r.LightMaxDrawDistanceScale:1]]
[2020.10.02-01.22.17:959][  0]LogConfig: Setting CVar [[r.CapsuleShadows:1]]
[2020.10.02-01.22.17:959][  0]LogConfig: Applying CVar settings from Section [PostProcessQuality@3] File [D:/projects/Neocat_Samurai/neocat/Saved/Config/Windows/Scalability.ini]
[2020.10.02-01.22.17:959][  0]LogConfig: Setting CVar [[r.MotionBlurQuality:4]]
[2020.10.02-01.22.17:959][  0]LogConfig: Setting CVar [[r.AmbientOcclusionMipLevelFactor:0.4]]
[2020.10.02-01.22.17:959][  0]LogConfig: Setting CVar [[r.AmbientOcclusionMaxQuality:100]]
[2020.10.02-01.22.17:959][  0]LogConfig: Setting CVar [[r.AmbientOcclusionLevels:-1]]
[2020.10.02-01.22.17:959][  0]LogConfig: Setting CVar [[r.AmbientOcclusionRadiusScale:1.0]]
[2020.10.02-01.22.17:959][  0]LogConfig: Setting CVar [[r.DepthOfFieldQuality:2]]
[2020.10.02-01.22.17:959][  0]LogConfig: Setting CVar [[r.RenderTargetPoolMin:400]]
[2020.10.02-01.22.17:959][  0]LogConfig: Setting CVar [[r.LensFlareQuality:2]]
[2020.10.02-01.22.17:959][  0]LogConfig: Setting CVar [[r.SceneColorFringeQuality:1]]
[2020.10.02-01.22.17:959][  0]LogConfig: Setting CVar [[r.EyeAdaptationQuality:2]]
[2020.10.02-01.22.17:959][  0]LogConfig: Setting CVar [[r.BloomQuality:5]]
[2020.10.02-01.22.17:959][  0]LogConfig: Setting CVar [[r.FastBlurThreshold:100]]
[2020.10.02-01.22.17:959][  0]LogConfig: Setting CVar [[r.Upscale.Quality:3]]
[2020.10.02-01.22.17:959][  0]LogConfig: Setting CVar [[r.Tonemapper.GrainQuantization:1]]
[2020.10.02-01.22.17:959][  0]LogConfig: Setting CVar [[r.LightShaftQuality:1]]
[2020.10.02-01.22.17:959][  0]LogConfig: Setting CVar [[r.Filter.SizeScale:1]]
[2020.10.02-01.22.17:960][  0]LogConfig: Setting CVar [[r.Tonemapper.Quality:5]]
[2020.10.02-01.22.17:960][  0]LogConfig: Setting CVar [[r.DOF.Gather.AccumulatorQuality:1        ; higher gathering accumulator quality]]
[2020.10.02-01.22.17:960][  0]LogConfig: Setting CVar [[r.DOF.Gather.PostfilterMethod:1          ; Median3x3 postfilering method]]
[2020.10.02-01.22.17:960][  0]LogConfig: Setting CVar [[r.DOF.Gather.EnableBokehSettings:0       ; no bokeh simulation when gathering]]
[2020.10.02-01.22.17:960][  0]LogConfig: Setting CVar [[r.DOF.Gather.RingCount:4                 ; medium number of samples when gathering]]
[2020.10.02-01.22.17:960][  0]LogConfig: Setting CVar [[r.DOF.Scatter.ForegroundCompositing:1    ; additive foreground scattering]]
[2020.10.02-01.22.17:960][  0]LogConfig: Setting CVar [[r.DOF.Scatter.BackgroundCompositing:2    ; additive background scattering]]
[2020.10.02-01.22.17:960][  0]LogConfig: Setting CVar [[r.DOF.Scatter.EnableBokehSettings:1      ; bokeh simulation when scattering]]
[2020.10.02-01.22.17:960][  0]LogConfig: Setting CVar [[r.DOF.Scatter.MaxSpriteRatio:0.1         ; only a maximum of 10% of scattered bokeh]]
[2020.10.02-01.22.17:960][  0]LogConfig: Setting CVar [[r.DOF.Recombine.Quality:1                ; cheap slight out of focus]]
[2020.10.02-01.22.17:960][  0]LogConfig: Setting CVar [[r.DOF.Recombine.EnableBokehSettings:0    ; no bokeh simulation on slight out of focus]]
[2020.10.02-01.22.17:960][  0]LogConfig: Setting CVar [[r.DOF.TemporalAAQuality:1                ; more stable temporal accumulation]]
[2020.10.02-01.22.17:960][  0]LogConfig: Setting CVar [[r.DOF.Kernel.MaxForegroundRadius:0.025]]
[2020.10.02-01.22.17:960][  0]LogConfig: Setting CVar [[r.DOF.Kernel.MaxBackgroundRadius:0.025]]
[2020.10.02-01.22.17:960][  0]LogConfig: Applying CVar settings from Section [TextureQuality@3] File [D:/projects/Neocat_Samurai/neocat/Saved/Config/Windows/Scalability.ini]
[2020.10.02-01.22.17:960][  0]LogConfig: Setting CVar [[r.Streaming.MipBias:0]]
[2020.10.02-01.22.17:960][  0]LogConfig: Setting CVar [[r.Streaming.AmortizeCPUToGPUCopy:0]]
[2020.10.02-01.22.17:960][  0]LogConfig: Setting CVar [[r.Streaming.MaxNumTexturesToStreamPerFrame:0]]
[2020.10.02-01.22.17:960][  0]LogConfig: Setting CVar [[r.Streaming.Boost:1]]
[2020.10.02-01.22.17:960][  0]LogConfig: Setting CVar [[r.MaxAnisotropy:8]]
[2020.10.02-01.22.17:960][  0]LogConfig: Setting CVar [[r.VT.MaxAnisotropy:8]]
[2020.10.02-01.22.17:960][  0]LogConfig: Setting CVar [[r.Streaming.LimitPoolSizeToVRAM:0]]
[2020.10.02-01.22.17:960][  0]LogConfig: Setting CVar [[r.Streaming.PoolSize:1000]]
[2020.10.02-01.22.17:960][  0]LogConfig: Setting CVar [[r.Streaming.MaxEffectiveScreenSize:0]]
[2020.10.02-01.22.17:960][  0]LogConfig: Applying CVar settings from Section [EffectsQuality@3] File [D:/projects/Neocat_Samurai/neocat/Saved/Config/Windows/Scalability.ini]
[2020.10.02-01.22.17:960][  0]LogConfig: Setting CVar [[r.TranslucencyLightingVolumeDim:64]]
[2020.10.02-01.22.17:960][  0]LogConfig: Setting CVar [[r.RefractionQuality:2]]
[2020.10.02-01.22.17:960][  0]LogConfig: Setting CVar [[r.SSR.Quality:3]]
[2020.10.02-01.22.17:960][  0]LogConfig: Setting CVar [[r.SSR.HalfResSceneColor:0]]
[2020.10.02-01.22.17:960][  0]LogConfig: Setting CVar [[r.SceneColorFormat:4]]
[2020.10.02-01.22.17:960][  0]LogConfig: Setting CVar [[r.DetailMode:2]]
[2020.10.02-01.22.17:960][  0]LogConfig: Setting CVar [[r.TranslucencyVolumeBlur:1]]
[2020.10.02-01.22.17:960][  0]LogConfig: Setting CVar [[r.MaterialQualityLevel:1 ; High quality]]
[2020.10.02-01.22.17:960][  0]LogConfig: Setting CVar [[r.SSS.Scale:1]]
[2020.10.02-01.22.17:960][  0]LogConfig: Setting CVar [[r.SSS.SampleSet:2]]
[2020.10.02-01.22.17:960][  0]LogConfig: Setting CVar [[r.SSS.Quality:1]]
[2020.10.02-01.22.17:960][  0]LogConfig: Setting CVar [[r.SSS.HalfRes:0]]
[2020.10.02-01.22.17:960][  0]LogConfig: Setting CVar [[r.SSGI.Quality:3]]
[2020.10.02-01.22.17:960][  0]LogConfig: Setting CVar [[r.EmitterSpawnRateScale:1.0]]
[2020.10.02-01.22.17:960][  0]LogConfig: Setting CVar [[r.ParticleLightQuality:2]]
[2020.10.02-01.22.17:960][  0]LogConfig: Setting CVar [[r.SkyAtmosphere.AerialPerspectiveLUT.FastApplyOnOpaque:1 ; Always have FastSkyLUT 1 in this case to avoid wrong sky]]
[2020.10.02-01.22.17:960][  0]LogConfig: Setting CVar [[r.SkyAtmosphere.AerialPerspectiveLUT.SampleCountPerSlice:1]]
[2020.10.02-01.22.17:960][  0]LogConfig: Setting CVar [[r.SkyAtmosphere.AerialPerspectiveLUT.DepthResolution:16.0]]
[2020.10.02-01.22.17:961][  0]LogConfig: Setting CVar [[r.SkyAtmosphere.FastSkyLUT:1]]
[2020.10.02-01.22.17:961][  0]LogConfig: Setting CVar [[r.SkyAtmosphere.FastSkyLUT.SampleCountMin:4.0]]
[2020.10.02-01.22.17:961][  0]LogConfig: Setting CVar [[r.SkyAtmosphere.FastSkyLUT.SampleCountMax:32.0]]
[2020.10.02-01.22.17:961][  0]LogConfig: Setting CVar [[r.SkyAtmosphere.SampleCountMin:4.0]]
[2020.10.02-01.22.17:961][  0]LogConfig: Setting CVar [[r.SkyAtmosphere.SampleCountMax:32.0]]
[2020.10.02-01.22.17:961][  0]LogConfig: Setting CVar [[r.SkyAtmosphere.TransmittanceLUT.UseSmallFormat:0]]
[2020.10.02-01.22.17:961][  0]LogConfig: Setting CVar [[r.SkyAtmosphere.TransmittanceLUT.SampleCount:10.0]]
[2020.10.02-01.22.17:961][  0]LogConfig: Setting CVar [[r.SkyAtmosphere.MultiScatteringLUT.SampleCount:15.0]]
[2020.10.02-01.22.17:961][  0]LogConfig: Applying CVar settings from Section [FoliageQuality@3] File [D:/projects/Neocat_Samurai/neocat/Saved/Config/Windows/Scalability.ini]
[2020.10.02-01.22.17:961][  0]LogConfig: Setting CVar [[foliage.DensityScale:1.0]]
[2020.10.02-01.22.17:961][  0]LogConfig: Setting CVar [[grass.DensityScale:1.0]]
[2020.10.02-01.22.17:961][  0]LogConfig: Applying CVar settings from Section [ShadingQuality@3] File [D:/projects/Neocat_Samurai/neocat/Saved/Config/Windows/Scalability.ini]
[2020.10.02-01.22.17:961][  0]LogConfig: Setting CVar [[r.HairStrands.SkyLighting.SampleCount:16]]
[2020.10.02-01.22.17:961][  0]LogConfig: Setting CVar [[r.HairStrands.SkyLighting.JitterIntegration:0]]
[2020.10.02-01.22.17:961][  0]LogConfig: Setting CVar [[r.HairStrands.SkyAO.SampleCount:16]]
[2020.10.02-01.22.17:961][  0]LogConfig: Setting CVar [[r.HairStrands.DeepShadow.SuperSampling:0]]
[2020.10.02-01.22.17:961][  0]LogConfig: Setting CVar [[r.HairStrands.VisibilityPPLL:0]]
[2020.10.02-01.22.17:961][  0]LogConfig: Setting CVar [[r.HairStrands.RasterizationScale:0.5]]
[2020.10.02-01.22.17:961][  0]LogConfig: Setting CVar [[r.HairStrands.VelocityRasterizationScale:1]]
[2020.10.02-01.22.17:961][  0]LogConfig: Applying CVar settings from Section [Startup] File [../../../Engine/Config/ConsoleVariables.ini]
[2020.10.02-01.22.17:961][  0]LogConfig: Setting CVar [[net.UseAdaptiveNetUpdateFrequency:0]]
[2020.10.02-01.22.17:961][  0]LogConfig: Setting CVar [[p.chaos.AllowCreatePhysxBodies:1]]
[2020.10.02-01.22.17:961][  0]LogConfig: Setting CVar [[fx.SkipVectorVMBackendOptimizations:1]]
[2020.10.02-01.22.17:961][  0]LogConfig: Applying CVar settings from Section [ConsoleVariables] File [D:/projects/Neocat_Samurai/neocat/Saved/Config/Windows/Engine.ini]
[2020.10.02-01.22.17:987][  0]LogInit: Computer: DESKTOP-2QFE0BA
[2020.10.02-01.22.17:987][  0]LogInit: User: Esteban
[2020.10.02-01.22.17:999][  0]LogInit: CPU Page size=4096, Cores=4
[2020.10.02-01.22.18:000][  0]LogInit: High frequency timer resolution =10.000000 MHz
[2020.10.02-01.22.18:000][  0]LogMemory: Memory total: Physical=15.9GB (16GB approx)
[2020.10.02-01.22.18:000][  0]LogMemory: Platform Memory Stats for Windows
[2020.10.02-01.22.18:000][  0]LogMemory: Process Physical Memory: 114.91 MB used, 114.91 MB peak
[2020.10.02-01.22.18:000][  0]LogMemory: Process Virtual Memory: 109.14 MB used, 109.14 MB peak
[2020.10.02-01.22.18:000][  0]LogMemory: Physical Memory: 8161.28 MB used,  8093.97 MB free, 16255.25 MB total
[2020.10.02-01.22.18:000][  0]LogMemory: Virtual Memory: 5159.82 MB used,  134212568.00 MB free, 134217728.00 MB total
[2020.10.02-01.22.18:021][  0]LogWindows: WindowsPlatformFeatures enabled
[2020.10.02-01.22.18:664][  0]LogInit: Physics initialised using underlying interface: PhysX
[2020.10.02-01.22.18:678][  0]LogInit: Overriding language with editor language configuration option (en).
[2020.10.02-01.22.18:678][  0]LogInit: Overriding locale with editor locale configuration option (en).
[2020.10.02-01.22.19:446][  0]LogInit: Setting process to per monitor DPI aware
[2020.10.02-01.22.20:029][  0]LogSlate: New Slate User Created.  User Index 0, Is Virtual User: 0
[2020.10.02-01.22.20:029][  0]LogSlate: Slate User Registered.  User Index 0, Is Virtual User: 0
[2020.10.02-01.22.20:904][  0]LogHMD: Failed to initialize OpenVR with code 126
[2020.10.02-01.22.20:904][  0]LogD3D11RHI: D3D11 min allowed feature level: 11_0
[2020.10.02-01.22.20:904][  0]LogD3D11RHI: D3D11 max allowed feature level: 11_0
[2020.10.02-01.22.20:904][  0]LogD3D11RHI: D3D11 adapters:
[2020.10.02-01.22.21:119][  0]LogD3D11RHI:    0. 'NVIDIA GeForce GTX 970M' (Feature Level 11_0)
[2020.10.02-01.22.21:119][  0]LogD3D11RHI:       3029/0/8127 MB DedicatedVideo/DedicatedSystem/SharedSystem, Outputs:2, VendorId:0x10de
[2020.10.02-01.22.21:137][  0]LogD3D11RHI:    1. 'Intel(R) HD Graphics 530' (Feature Level 11_0)
[2020.10.02-01.22.21:137][  0]LogD3D11RHI:       128/0/8127 MB DedicatedVideo/DedicatedSystem/SharedSystem, Outputs:0, VendorId:0x8086
[2020.10.02-01.22.21:157][  0]LogD3D11RHI:    2. 'Microsoft Basic Render Driver' (Feature Level 11_0)
[2020.10.02-01.22.21:157][  0]LogD3D11RHI:       0/0/8127 MB DedicatedVideo/DedicatedSystem/SharedSystem, Outputs:0, VendorId:0x1414
[2020.10.02-01.22.21:157][  0]LogD3D11RHI: Chosen D3D11 Adapter: 0
[2020.10.02-01.22.21:264][  0]LogD3D11RHI: Creating new Direct3DDevice
[2020.10.02-01.22.21:264][  0]LogD3D11RHI:     GPU DeviceId: 0x13d8 (for the marketing name, search the web for "GPU Device Id")
[2020.10.02-01.22.21:274][  0]LogWindows: EnumDisplayDevices:
[2020.10.02-01.22.21:274][  0]LogWindows:    0. 'Intel(R) HD Graphics 530' (P:1 D:1)
[2020.10.02-01.22.21:274][  0]LogWindows:    1. 'Intel(R) HD Graphics 530' (P:0 D:0)
[2020.10.02-01.22.21:275][  0]LogWindows:    2. 'Intel(R) HD Graphics 530' (P:0 D:0)
[2020.10.02-01.22.21:275][  0]LogWindows:    3. 'NVIDIA GeForce GTX 970M' (P:0 D:1)
[2020.10.02-01.22.21:275][  0]LogWindows: DebugString: PrimaryIsNotTheChoosenAdapter PrimaryIsNotTheChoosenAdapter PrimaryIsNotTheChoosenAdapter 
[2020.10.02-01.22.21:276][  0]LogD3D11RHI:     Adapter Name: NVIDIA GeForce GTX 970M
[2020.10.02-01.22.21:276][  0]LogD3D11RHI:   Driver Version: 452.06 (internal:27.21.14.5206, unified:452.06)
[2020.10.02-01.22.21:276][  0]LogD3D11RHI:      Driver Date: 8-12-2020
[2020.10.02-01.22.21:276][  0]LogRHI: Texture pool is 2120 MB (70% of 3029 MB)
[2020.10.02-01.22.21:343][  0]LogD3D11RHI: RHI has support for 64 bit atomics
[2020.10.02-01.22.21:362][  0]LogD3D11RHI: [Aftermath] Enabled and primed
[2020.10.02-01.22.21:362][  0]LogD3D11RHI: Async texture creation enabled
[2020.10.02-01.22.21:362][  0]LogD3D11RHI: Array index from any shader is supported
[2020.10.02-01.22.21:505][  0]LogD3D11RHI: GPU Timing Frequency: 1000.000000 (Debug: 2 1)
[2020.10.02-01.22.22:702][  0]LogTargetPlatformManager: Display: Loaded TargetPlatform 'AllDesktop'
[2020.10.02-01.22.22:747][  0]LogTargetPlatformManager: Display: Loaded TargetPlatform 'Android'
[2020.10.02-01.22.22:747][  0]LogTargetPlatformManager: Display: Loaded TargetPlatform 'Android_ASTC'
[2020.10.02-01.22.22:747][  0]LogTargetPlatformManager: Display: Loaded TargetPlatform 'Android_DXT'
[2020.10.02-01.22.22:747][  0]LogTargetPlatformManager: Display: Loaded TargetPlatform 'Android_ETC2'
[2020.10.02-01.22.22:747][  0]LogTargetPlatformManager: Display: Loaded TargetPlatform 'AndroidClient'
[2020.10.02-01.22.22:747][  0]LogTargetPlatformManager: Display: Loaded TargetPlatform 'Android_ASTCClient'
[2020.10.02-01.22.22:747][  0]LogTargetPlatformManager: Display: Loaded TargetPlatform 'Android_DXTClient'
[2020.10.02-01.22.22:747][  0]LogTargetPlatformManager: Display: Loaded TargetPlatform 'Android_ETC2Client'
[2020.10.02-01.22.22:747][  0]LogTargetPlatformManager: Display: Loaded TargetPlatform 'Android_Multi'
[2020.10.02-01.22.22:747][  0]LogTargetPlatformManager: Display: Loaded TargetPlatform 'Android_MultiClient'
[2020.10.02-01.22.22:838][  0]LogTargetPlatformManager: Display: Loaded TargetPlatform 'IOSClient'
[2020.10.02-01.22.22:838][  0]LogTargetPlatformManager: Display: Loaded TargetPlatform 'IOS'
[2020.10.02-01.22.22:882][  0]LogTargetPlatformManager: Display: Loaded TargetPlatform 'Linux'
[2020.10.02-01.22.22:918][  0]LogTargetPlatformManager: Display: Loaded TargetPlatform 'LinuxNoEditor'
[2020.10.02-01.22.22:963][  0]LogTargetPlatformManager: Display: Loaded TargetPlatform 'LinuxClient'
[2020.10.02-01.22.22:981][  0]LogTargetPlatformManager: Display: Loaded TargetPlatform 'LinuxServer'
[2020.10.02-01.22.23:021][  0]LogTargetPlatformManager: Display: Loaded TargetPlatform 'LinuxAArch64NoEditor'
[2020.10.02-01.22.23:053][  0]LogTargetPlatformManager: Display: Loaded TargetPlatform 'LinuxAArch64Client'
[2020.10.02-01.22.23:078][  0]LogTargetPlatformManager: Display: Loaded TargetPlatform 'LinuxAArch64Server'
[2020.10.02-01.22.23:140][  0]LogTargetPlatformManager: Display: Loaded TargetPlatform 'Lumin'
[2020.10.02-01.22.23:140][  0]LogTargetPlatformManager: Display: Loaded TargetPlatform 'LuminClient'
[2020.10.02-01.22.23:236][  0]LogTargetPlatformManager: Display: Loaded TargetPlatform 'TVOSClient'
[2020.10.02-01.22.23:236][  0]LogTargetPlatformManager: Display: Loaded TargetPlatform 'TVOS'
[2020.10.02-01.22.23:272][  0]LogTargetPlatformManager: Display: Loaded TargetPlatform 'WindowsNoEditor'
[2020.10.02-01.22.23:288][  0]LogTargetPlatformManager: Display: Loaded TargetPlatform 'Windows'
[2020.10.02-01.22.23:303][  0]LogTargetPlatformManager: Display: Loaded TargetPlatform 'WindowsClient'
[2020.10.02-01.22.23:319][  0]LogTargetPlatformManager: Display: Loaded TargetPlatform 'WindowsServer'
[2020.10.02-01.22.23:319][  0]LogTargetPlatformManager: Display: Building Assets For Windows
[2020.10.02-01.22.23:581][  0]LogAudioDebug: Display: Lib vorbis DLL was dynamically loaded.
[2020.10.02-01.22.24:203][  0]LogShaderCompilers: Guid format shader working directory is 2 characters bigger than the processId version (../../../../../projects/Neocat_Samurai/neocat/Intermediate/Shaders/WorkingDirectory/27848/).
[2020.10.02-01.22.24:203][  0]LogShaderCompilers: Cleaned the shader compiler working directory 'C:/Users/Esteban/AppData/Local/Temp/UnrealShaderWorkingDir/3E23D28A43E1C1D35C5FE09D7BE08C79/'.
[2020.10.02-01.22.24:217][  0]LogXGEController: Cleaning working directory: C:/Users/Esteban/AppData/Local/Temp/UnrealXGEWorkingDir/
[2020.10.02-01.22.24:218][  0]LogXGEController: Cannot use XGE Controller as Incredibuild is not installed on this machine.
[2020.10.02-01.22.24:218][  0]LogShaderCompilers: Cannot use XGE Shader Compiler as Incredibuild is not installed on this machine.
[2020.10.02-01.22.24:218][  0]LogShaderCompilers: Display: Using Local Shader Compiler.
[2020.10.02-01.22.25:821][  0]LogDerivedDataCache: Display: Max Cache Size: 512 MB
[2020.10.02-01.22.25:995][  0]LogDerivedDataCache: Loaded boot cache 0.17s 91MB C:/Users/Esteban/AppData/Local/UnrealEngine/4.25/DerivedDataCache/Boot.ddc.
[2020.10.02-01.22.25:995][  0]LogDerivedDataCache: Display: Loaded Boot cache: C:/Users/Esteban/AppData/Local/UnrealEngine/4.25/DerivedDataCache/Boot.ddc
[2020.10.02-01.22.25:995][  0]LogDerivedDataCache: FDerivedDataBackendGraph:  Pak pak cache file ../../../../../projects/Neocat_Samurai/neocat/DerivedDataCache/DDC.ddp not found, will not use a pak cache.
[2020.10.02-01.22.25:995][  0]LogDerivedDataCache: Unable to find inner node Pak for hierarchical cache Hierarchy.
[2020.10.02-01.22.25:995][  0]LogDerivedDataCache: FDerivedDataBackendGraph:  CompressedPak pak cache file ../../../../../projects/Neocat_Samurai/neocat/DerivedDataCache/Compressed.ddp not found, will not use a pak cache.
[2020.10.02-01.22.25:995][  0]LogDerivedDataCache: Unable to find inner node CompressedPak for hierarchical cache Hierarchy.
[2020.10.02-01.22.26:036][  0]LogDerivedDataCache: Display: Pak cache opened for reading ../../../Engine/DerivedDataCache/Compressed.ddp.
[2020.10.02-01.22.26:036][  0]LogDerivedDataCache: FDerivedDataBackendGraph:  EnterprisePak pak cache file ../../../Enterprise/DerivedDataCache/Compressed.ddp not found, will not use a pak cache.
[2020.10.02-01.22.26:036][  0]LogDerivedDataCache: Unable to find inner node EnterprisePak for hierarchical cache Hierarchy.
[2020.10.02-01.22.26:044][  0]LogDerivedDataCache: Using Local data cache path C:/Users/Esteban/AppData/Local/UnrealEngine/Common/DerivedDataCache: Writable
[2020.10.02-01.22.26:044][  0]LogDerivedDataCache: Shared data cache path not found in *engine.ini, will not use an Shared cache.
[2020.10.02-01.22.26:044][  0]LogDerivedDataCache: Unable to find inner node Shared for hierarchical cache Hierarchy.
[2020.10.02-01.22.26:173][  0]LogSlate: Using FreeType 2.10.0
[2020.10.02-01.22.26:269][  0]LogSlate: SlateFontServices - WITH_FREETYPE: 1, WITH_HARFBUZZ: 1
[2020.10.02-01.22.27:351][  0]LogAssetRegistry: FAssetRegistry took 0.0043 seconds to start up
[2020.10.02-01.22.30:626][  0]LogInit: Selected Device Profile: [Windows]
[2020.10.02-01.22.32:234][  0]LogMeshReduction: Using QuadricMeshReduction for automatic static mesh reduction
[2020.10.02-01.22.32:234][  0]LogMeshReduction: Using SimplygonMeshReduction for automatic skeletal mesh reduction
[2020.10.02-01.22.32:234][  0]LogMeshReduction: Using ProxyLODMeshReduction for automatic mesh merging
[2020.10.02-01.22.32:234][  0]LogMeshReduction: No distributed automatic mesh merging module available
[2020.10.02-01.22.32:234][  0]LogMeshMerging: No distributed automatic mesh merging module available
[2020.10.02-01.22.32:497][  0]LogNetVersion: neocat 1.0.0, NetCL: 13144385, EngineNetVer: 14, GameNetVer: 0 (Checksum: 2885029253)
[2020.10.02-01.22.39:564][  0]LogAISub: UAISubsystem::UAISubsystem AISubsystem (000001AEABBCE980), frame # 0
[2020.10.02-01.22.39:564][  0]LogAISub: UAISubsystem::UAISubsystem AIPerceptionSystem (000001AEABAD8540), frame # 0
[2020.10.02-01.22.39:626][  0]LogAISub: UAISubsystem::UAISubsystem EnvQueryManager (000001AEABAF1C00), frame # 0
[2020.10.02-01.22.40:077][  0]LogPackageLocalizationCache: Processed 22 localized package path(s) for 1 prioritized culture(s) in 0.082844 seconds
[2020.10.02-01.22.40:086][  0]LogUObjectArray: 15917 objects as part of root set at end of initial load.
[2020.10.02-01.22.40:107][  0]LogUObjectAllocator: 3965568 out of 0 bytes used by permanent object pool.
[2020.10.02-01.22.40:107][  0]LogUObjectArray: CloseDisregardForGC: 0/0 objects in disregard for GC pool
[2020.10.02-01.22.42:888][  0]LogPython: Using Python 2.7.14
[2020.10.02-01.22.45:370][  0]LogTcpMessaging: Initializing TcpMessaging bridge
[2020.10.02-01.22.45:399][  0]LogUdpMessaging: Initializing bridge on interface 0.0.0.0:0 to multicast group 230.0.0.1:6666.
[2020.10.02-01.22.46:467][  0]SourceControl: Source control is disabled
[2020.10.02-01.22.46:467][  0]SourceControl: Source control is disabled
[2020.10.02-01.22.46:521][  0]SourceControl: Source control is disabled
[2020.10.02-01.22.46:614][  0]SourceControl: Source control is disabled
[2020.10.02-01.22.46:660][  0]SourceControl: Source control is disabled
[2020.10.02-01.22.49:883][  0]LogAndroidPermission: UAndroidPermissionCallbackProxy::GetInstance
[2020.10.02-01.22.50:112][  0]LogAudioCaptureCore: Display: No Audio Capture implementations found. Audio input will be silent.
[2020.10.02-01.22.50:112][  0]LogAudioCaptureCore: Display: No Audio Capture implementations found. Audio input will be silent.
[2020.10.02-01.22.50:479][  0]LogOcInput: OculusInput pre-init called
[2020.10.02-01.22.50:582][  0]LogWindows: Failed to load 'OVRPlugin.dll' (GetLastError=126)
[2020.10.02-01.22.50:582][  0]LogWindows: File 'OVRPlugin.dll' does not exist
[2020.10.02-01.22.51:669][  0]LogEngine: Initializing Engine...
[2020.10.02-01.22.51:745][  0]LogHMD: Failed to initialize OpenVR with code 126
[2020.10.02-01.22.51:745][  0]LogMagicLeap: Warning: VR disabled because ZI is not enabled.  To enable, in the editor, Edit -> Project Settings -> Plugins -> Magic Leap Plugin -> Enable Zero Iteration
[2020.10.02-01.22.51:765][  0]LogStats: UGameplayTagsManager::InitializeManager -  0.010 s
[2020.10.02-01.22.52:297][  0]LogInit: Initializing FReadOnlyCVARCache
[2020.10.02-01.22.52:549][  0]LogAIModule: Creating AISystem for world Untitled
[2020.10.02-01.22.52:549][  0]LogAISub: UAISubsystem::UAISubsystem EnvQueryManager (000001AEC0CE9C00), frame # 0
[2020.10.02-01.22.52:553][  0]LogAISub: UAISubsystem::UAISubsystem AIPerceptionSystem (000001AEC0CD7600), frame # 0
[2020.10.02-01.22.52:613][  0]LogAudioMixer: Display: Audio Mixer Platform Settings:
[2020.10.02-01.22.52:613][  0]LogAudioMixer: Display: 	Sample Rate:						  48000
[2020.10.02-01.22.52:613][  0]LogAudioMixer: Display: 	Callback Buffer Frame Size Requested: 1024
[2020.10.02-01.22.52:613][  0]LogAudioMixer: Display: 	Callback Buffer Frame Size To Use:	  1024
[2020.10.02-01.22.52:613][  0]LogAudioMixer: Display: 	Number of buffers to queue:			  2
[2020.10.02-01.22.52:613][  0]LogAudioMixer: Display: 	Max Channels (voices):				  32
[2020.10.02-01.22.52:613][  0]LogAudioMixer: Display: 	Number of Async Source Workers:		  0
[2020.10.02-01.22.52:613][  0]LogAudio: Display: AudioDevice MaxSources: 32
[2020.10.02-01.22.52:615][  0]LogAudio: Display: Using built-in audio occlusion.
[2020.10.02-01.22.52:615][  0]LogAudioMixer: Display: Initializing audio mixer.
[2020.10.02-01.22.52:782][  0]LogAudioMixer: Display: 0: FrontLeft
[2020.10.02-01.22.52:782][  0]LogAudioMixer: Display: 1: FrontRight
[2020.10.02-01.22.52:901][  0]LogAudioMixer: Display: Using Audio Device Altavoces (Sound Blaster Recon3Di)
[2020.10.02-01.22.52:902][  0]LogAudioMixer: Display: Initializing Sound Submixes...
[2020.10.02-01.22.52:937][  0]LogAudioMixer: Display: Creating Master Submix 'MasterSubmixDefault'
[2020.10.02-01.22.52:937][  0]LogAudioMixer: Display: Creating Master Submix 'MasterReverbSubmixDefault'
[2020.10.02-01.22.52:939][  0]LogAudioMixer: Display: Creating Master Submix 'MasterEQSubmixDefault'
[2020.10.02-01.22.52:954][  0]LogInit: FAudioDevice initialized.
[2020.10.02-01.22.52:973][  0]LogNetVersion: Set ProjectVersion to 1.0.0.0. Version Checksum will be recalculated on next use.
[2020.10.02-01.22.53:257][  0]LogDerivedDataCache: Saved boot cache 0.28s 91MB C:/Users/Esteban/AppData/Local/UnrealEngine/4.25/DerivedDataCache/Boot.ddc.
[2020.10.02-01.22.53:258][  0]LogInit: Texture streaming: Enabled
[2020.10.02-01.22.53:389][  0]LogEngineSessionManager: EngineSessionManager initialized
[2020.10.02-01.22.53:389][  0]LogEditorSessionSummary: Verbose: Initializing EditorSessionSummaryWriter for editor session tracking
[2020.10.02-01.22.53:407][  0]LogEditorSessionSummary: EditorSessionSummaryWriter initialized
[2020.10.02-01.22.53:682][  0]LogInit: Transaction tracking system initialized
[2020.10.02-01.22.53:986][  0]BlueprintLog: New page: Editor Load
[2020.10.02-01.22.54:872][  0]LocalizationService: Localization service is disabled
[2020.10.02-01.22.56:766][  0]LogCook: Display: Max memory allowance for cook 16384mb min free memory 0mb
[2020.10.02-01.22.56:766][  0]LogCook: Display: Mobile HDR setting 1
[2020.10.02-01.22.57:198][  0]LogFileCache: Scanning file cache for directory 'D:/projects/Neocat_Samurai/neocat/Content/' took 0.18s
[2020.10.02-01.22.59:394][  0]SourceControl: Source control is disabled
[2020.10.02-01.22.59:394][  0]LogUnrealEdMisc: Loading editor; pre map load, took 60.049
[2020.10.02-01.22.59:395][  0]Cmd: MAP LOAD FILE="../../../../../projects/Neocat_Samurai/neocat/Content/ThirdPersonBP/Maps/ThirdPersonExampleMap.umap" TEMPLATE=0 SHOWPROGRESS=1 FEATURELEVEL=3
[2020.10.02-01.22.59:430][  0]LightingResults: New page: Lighting Build
[2020.10.02-01.22.59:461][  0]LogWorld: UWorld::CleanupWorld for Untitled, bSessionEnded=true, bCleanupResources=true
[2020.10.02-01.22.59:461][  0]LogSlate: InvalidateAllWidgets triggered.  All widgets were invalidated
[2020.10.02-01.22.59:475][  0]MapCheck: New page: Map Check
[2020.10.02-01.22.59:475][  0]LightingResults: New page: Lighting Build
[2020.10.02-01.22.59:489][  0]LogAISub: UAISubsystem::~UAISubsystem EnvQueryManager (000001AEC0CE9C00), frame # 0
[2020.10.02-01.22.59:489][  0]LogAISub: UAISubsystem::~UAISubsystem AIPerceptionSystem (000001AEC0CD7600), frame # 0
[2020.10.02-01.22.59:490][  0]LogUObjectHash: Compacting FUObjectHashTables data took   1.23ms
[2020.10.02-01.23.03:200][  0]LogAIModule: Creating AISystem for world ThirdPersonExampleMap
[2020.10.02-01.23.03:200][  0]LogAISub: UAISubsystem::UAISubsystem EnvQueryManager (000001AE9DEF7E00), frame # 0
[2020.10.02-01.23.03:201][  0]LogAISub: UAISubsystem::UAISubsystem AIPerceptionSystem (000001AE9DF03B00), frame # 0
[2020.10.02-01.23.03:595][  0]LogEditorServer: Finished looking for orphan Actors (0.000 secs)
[2020.10.02-01.23.03:669][  0]LogUObjectHash: Compacting FUObjectHashTables data took   0.93ms
[2020.10.02-01.23.03:682][  0]Cmd: MAP CHECKDEP NOCLEARLOG
[2020.10.02-01.23.03:682][  0]MapCheck: Map check complete: 0 Error(s), 0 Warning(s), took 0.12ms to complete.
[2020.10.02-01.23.03:682][  0]LogFileHelpers: Loading map 'ThirdPersonExampleMap' took 4.287
[2020.10.02-01.23.03:706][  0]LogUnrealEdMisc: Total Editor Startup Time, took 64.359
[2020.10.02-01.23.04:179][  0]LogSlate: Updating window title bar state: overlay mode, drag disabled, window buttons hidden, title bar hidden
[2020.10.02-01.23.04:188][  0]LogSlate: Updating window title bar state: overlay mode, drag disabled, window buttons hidden, title bar hidden
[2020.10.02-01.23.04:198][  0]LogSlate: Updating window title bar state: overlay mode, drag disabled, window buttons hidden, title bar hidden
[2020.10.02-01.23.04:206][  0]LogSlate: Updating window title bar state: overlay mode, drag disabled, window buttons hidden, title bar hidden
[2020.10.02-01.23.04:284][  0]LogCollectionManager: Loaded 0 collections in 0.001629 seconds
[2020.10.02-01.23.04:369][  0]LogFileCache: Scanning file cache for directory 'D:/projects/Neocat_Samurai/neocat/Saved/Collections/' took 0.00s
[2020.10.02-01.23.04:369][  0]LogFileCache: Scanning file cache for directory 'D:/projects/Neocat_Samurai/neocat/Content/Developers/Esteban/Collections/' took 0.00s
[2020.10.02-01.23.04:369][  0]LogFileCache: Scanning file cache for directory 'D:/projects/Neocat_Samurai/neocat/Content/Collections/' took 0.00s
[2020.10.02-01.23.04:369][  0]LogContentBrowser: Native class hierarchy populated in 0.0122 seconds. Added 3452 classes and 831 folders.
[2020.10.02-01.23.04:445][  0]LogContentBrowser: Native class hierarchy updated for 'WidgetCarousel' in 0.0003 seconds. Added 0 classes and 0 folders.
[2020.10.02-01.23.05:350][  0]LogContentBrowser: Native class hierarchy updated for 'AddContentDialog' in 0.0003 seconds. Added 0 classes and 0 folders.
[2020.10.02-01.23.05:351][  0]LogContentBrowser: Native class hierarchy updated for 'SceneOutliner' in 0.0003 seconds. Added 2 classes and 0 folders.
[2020.10.02-01.23.06:114][  0]LogSlate: Took 0.011948 seconds to synchronously load lazily loaded font '../../../Engine/Content/Slate/Fonts/Roboto-Regular.ttf' (155K)
[2020.10.02-01.23.06:124][  0]LogSlate: Took 0.008010 seconds to synchronously load lazily loaded font '../../../Engine/Content/Slate/Fonts/Roboto-Bold.ttf' (160K)
[2020.10.02-01.23.06:151][  0]LogSlate: Took 0.009004 seconds to synchronously load lazily loaded font '../../../Engine/Content/Editor/Slate/Fonts/FontAwesome.ttf' (139K)
[2020.10.02-01.23.06:454][  0]LogRenderer: Reallocating scene render targets to support 1128x656 Format 10 NumSamples 1 (Frame:1).
[2020.10.02-01.23.06:828][  0]LogContentBrowser: Native class hierarchy updated for 'HierarchicalLODOutliner' in 0.0003 seconds. Added 0 classes and 0 folders.
[2020.10.02-01.23.06:828][  0]LogLoad: (Engine Initialization) Total time: 67.48 seconds
[2020.10.02-01.23.06:828][  0]LogLoad: (Engine Initialization) Total Blueprint compile time: 0.00 seconds
[2020.10.02-01.23.07:177][  0]LogContentStreaming: Texture pool size now 1000 MB
[2020.10.02-01.23.07:350][  0]LogSlate: Took 0.056428 seconds to synchronously load lazily loaded font '../../../Engine/Content/Slate/Fonts/Roboto-Light.ttf' (167K)
[2020.10.02-01.23.07:662][  1]LogAssetRegistry: Asset discovery search completed in 40.3126 seconds
[2020.10.02-01.23.07:669][  1]LogCollectionManager: Fixed up redirectors for 0 collections in 0.000003 seconds (updated 0 objects)
[2020.10.02-01.23.08:328][  3]LogSlate: Took 0.000130 seconds to synchronously load lazily loaded font '../../../Engine/Content/Slate/Fonts/Roboto-Light.ttf' (167K)
[2020.10.02-01.23.19:633][ 91]LogLinker: Warning: Asset '../../../../../projects/Neocat_Samurai/neocat/Content/MSPresets/MSTextures/Albedo.uasset' has been saved with empty engine version. The asset will be loaded but may be incompatible.
[2020.10.02-01.23.19:655][ 91]LogLinker: Warning: Asset '../../../../../projects/Neocat_Samurai/neocat/Content/MSPresets/MSTextures/Normal.uasset' has been saved with empty engine version. The asset will be loaded but may be incompatible.
[2020.10.02-01.23.19:674][ 91]LogLinker: Warning: Asset '../../../../../projects/Neocat_Samurai/neocat/Content/MSPresets/MSTextures/Roughness.uasset' has been saved with empty engine version. The asset will be loaded but may be incompatible.
[2020.10.02-01.23.22:125][ 91]PIE: Warning: AttachTo: '/Game/Levels/menu.menu:PersistentLevel.FbxScene_EscenarioUE_2.DefaultSceneRoot' is not static  (in blueprint "FbxScene_EscenarioUE"), cannot attach '/Game/Levels/menu.menu:PersistentLevel.FbxScene_EscenarioUE_2.Completo2' which is static to it. Aborting.
[2020.10.02-01.23.22:191][ 91]LogAssetEditorSubsystem: Opening Asset editor for World /Game/Levels/menu.menu
[2020.10.02-01.23.22:224][ 91]LogUObjectHash: Compacting FUObjectHashTables data took   1.12ms
[2020.10.02-01.23.22:227][ 91]Cmd: MAP LOAD FILE="../../../../../projects/Neocat_Samurai/neocat/Content/Levels/menu.umap" TEMPLATE=0 SHOWPROGRESS=1 FEATURELEVEL=3
[2020.10.02-01.23.22:227][ 91]LightingResults: New page: Lighting Build
[2020.10.02-01.23.22:227][ 91]LoadErrors: New page: Loading map: menu.umap
[2020.10.02-01.23.22:248][ 91]LogWorld: UWorld::CleanupWorld for ThirdPersonExampleMap, bSessionEnded=true, bCleanupResources=true
[2020.10.02-01.23.22:248][ 91]LogSlate: InvalidateAllWidgets triggered.  All widgets were invalidated
[2020.10.02-01.23.22:248][ 91]MapCheck: New page: Map Check
[2020.10.02-01.23.22:248][ 91]LightingResults: New page: Lighting Build
[2020.10.02-01.23.22:261][ 91]LogAISub: UAISubsystem::~UAISubsystem EnvQueryManager (000001AE9DEF7E00), frame # 91
[2020.10.02-01.23.22:261][ 91]LogAISub: UAISubsystem::~UAISubsystem AIPerceptionSystem (000001AE9DF03B00), frame # 91
[2020.10.02-01.23.22:262][ 91]LogUObjectHash: Compacting FUObjectHashTables data took   1.09ms
[2020.10.02-01.23.22:344][ 91]PIE: Warning: AttachTo: '/Game/Levels/menu.menu:PersistentLevel.FbxScene_EscenarioUE_2.DefaultSceneRoot' is not static  (in blueprint "FbxScene_EscenarioUE"), cannot attach '/Game/Levels/menu.menu:PersistentLevel.FbxScene_EscenarioUE_2.Completo2' which is static to it. Aborting.
[2020.10.02-01.23.22:586][ 91]LogEditorServer: Finished looking for orphan Actors (0.000 secs)
[2020.10.02-01.23.22:586][ 91]LogAIModule: Creating AISystem for world menu
[2020.10.02-01.23.22:586][ 91]LogAISub: UAISubsystem::UAISubsystem EnvQueryManager (000001AF15470E00), frame # 91
[2020.10.02-01.23.22:586][ 91]LogAISub: UAISubsystem::UAISubsystem AIPerceptionSystem (000001AF0FDA2AC0), frame # 91
[2020.10.02-01.23.22:609][ 91]LogUObjectHash: Compacting FUObjectHashTables data took   1.24ms
[2020.10.02-01.23.22:637][ 91]Cmd: MAP CHECKDEP NOCLEARLOG
[2020.10.02-01.23.22:639][ 91]MapCheck: Map check complete: 0 Error(s), 0 Warning(s), took 1.545ms to complete.
[2020.10.02-01.23.22:639][ 91]LogFileHelpers: Loading map 'menu' took 0.412
[2020.10.02-01.23.22:704][ 91]LogFileCache: Retrieving MD5 hashes for directory 'D:/projects/Neocat_Samurai/neocat/Content/' took 15.82s
[2020.10.02-01.23.35:799][ 25]LogSlate: Took 0.013478 seconds to synchronously load lazily loaded font '../../../Engine/Content/Slate/Fonts/Roboto-Italic.ttf' (157K)
[2020.10.02-01.23.48:978][977]LogActorFactory: Actor Factory created Grass_01_Var1_LOD0
[2020.10.02-01.24.03:469][916]LogTemp: Repeating last play command: Selected Viewport
[2020.10.02-01.24.03:548][916]LogPlayLevel: PlayLevel: No blueprints needed recompiling
[2020.10.02-01.24.03:558][916]PIE: New page: PIE session: menu (Oct 1, 2020, 3:24:03 PM)
[2020.10.02-01.24.03:573][916]LogOnline: OSS: Creating online subsystem instance for: NULL
[2020.10.02-01.24.03:586][916]LogOnline: OSS: TryLoadSubsystemAndSetDefault: Loaded subsystem for module [NULL]
[2020.10.02-01.24.03:605][916]LogPlayLevel: Creating play world package: /Game/Levels/UEDPIE_0_menu
[2020.10.02-01.24.03:682][916]LogPlayLevel: PIE: StaticDuplicateObject took: (0.076990s)
[2020.10.02-01.24.03:683][916]LogAIModule: Creating AISystem for world menu
[2020.10.02-01.24.03:683][916]LogAISub: UAISubsystem::UAISubsystem EnvQueryManager (000001AF33F7FE00), frame # 2916
[2020.10.02-01.24.03:683][916]LogAISub: UAISubsystem::UAISubsystem AIPerceptionSystem (000001AF099579C0), frame # 2916
[2020.10.02-01.24.03:684][916]LogPlayLevel: PIE: World Init took: (0.001614s)
[2020.10.02-01.24.03:684][916]LogPlayLevel: PIE: Created PIE world by copying editor world from /Game/Levels/menu.menu to /Game/Levels/UEDPIE_0_menu.menu (0.078866s)
[2020.10.02-01.24.03:698][916]LogUObjectHash: Compacting FUObjectHashTables data took   2.72ms
[2020.10.02-01.24.03:718][916]LogAudioMixer: Display: Audio Mixer Platform Settings:
[2020.10.02-01.24.03:718][916]LogAudioMixer: Display: 	Sample Rate:						  48000
[2020.10.02-01.24.03:718][916]LogAudioMixer: Display: 	Callback Buffer Frame Size Requested: 1024
[2020.10.02-01.24.03:718][916]LogAudioMixer: Display: 	Callback Buffer Frame Size To Use:	  1024
[2020.10.02-01.24.03:718][916]LogAudioMixer: Display: 	Number of buffers to queue:			  2
[2020.10.02-01.24.03:719][916]LogAudioMixer: Display: 	Max Channels (voices):				  32
[2020.10.02-01.24.03:719][916]LogAudioMixer: Display: 	Number of Async Source Workers:		  0
[2020.10.02-01.24.03:719][916]LogAudio: Display: AudioDevice MaxSources: 32
[2020.10.02-01.24.03:719][916]LogAudio: Display: Using built-in audio occlusion.
[2020.10.02-01.24.03:719][916]LogAudioMixer: Display: Initializing audio mixer.
[2020.10.02-01.24.03:725][916]LogAudioMixer: Display: 0: FrontLeft
[2020.10.02-01.24.03:725][916]LogAudioMixer: Display: 1: FrontRight
[2020.10.02-01.24.03:796][916]LogAudioMixer: Display: Using Audio Device Altavoces (Sound Blaster Recon3Di)
[2020.10.02-01.24.03:796][916]LogAudioMixer: Display: Initializing Sound Submixes...
[2020.10.02-01.24.03:796][916]LogAudioMixer: Display: Creating Master Submix 'MasterSubmixDefault'
[2020.10.02-01.24.03:796][916]LogAudioMixer: Display: Creating Master Submix 'MasterReverbSubmixDefault'
[2020.10.02-01.24.03:797][916]LogAudioMixer: Display: Creating Master Submix 'MasterEQSubmixDefault'
[2020.10.02-01.24.03:830][916]LogInit: FAudioDevice initialized.
[2020.10.02-01.24.03:904][916]LogLoad: Game class is 'ThirdPersonGameMode_C'
[2020.10.02-01.24.03:996][916]LogWorld: Bringing World /Game/Levels/UEDPIE_0_menu.menu up for play (max tick rate 0) at 2020.10.01-20.24.03
[2020.10.02-01.24.03:996][916]LogWorld: Bringing up level for play took: 0.019674
[2020.10.02-01.24.03:996][916]LogOnline: OSS: Creating online subsystem instance for: :Context_3
[2020.10.02-01.24.04:051][916]LogContentBrowser: Native class hierarchy updated for 'MovieSceneCapture' in 0.0004 seconds. Added 20 classes and 0 folders.
[2020.10.02-01.24.04:117][916]PIE: Server logged in
[2020.10.02-01.24.04:119][916]PIE: Play in editor total start time 0.596 seconds.
[2020.10.02-01.24.16:183][776]LogSlate: Updating window title bar state: overlay mode, drag disabled, window buttons hidden, title bar hidden
[2020.10.02-01.24.16:183][776]LogWorld: BeginTearingDown for /Game/Levels/UEDPIE_0_menu
[2020.10.02-01.24.16:183][776]LogWorld: UWorld::CleanupWorld for menu, bSessionEnded=true, bCleanupResources=true
[2020.10.02-01.24.16:186][776]LogSlate: InvalidateAllWidgets triggered.  All widgets were invalidated
[2020.10.02-01.24.16:194][776]LogPlayLevel: Display: Shutting down PIE online subsystems
[2020.10.02-01.24.16:197][776]LogSlate: InvalidateAllWidgets triggered.  All widgets were invalidated
[2020.10.02-01.24.16:252][776]LogSlate: Updating window title bar state: overlay mode, drag disabled, window buttons hidden, title bar hidden
[2020.10.02-01.24.16:254][776]LogAISub: UAISubsystem::~UAISubsystem AIPerceptionSystem (000001AF099579C0), frame # 3776
[2020.10.02-01.24.16:254][776]LogAISub: UAISubsystem::~UAISubsystem EnvQueryManager (000001AF33F7FE00), frame # 3776
[2020.10.02-01.24.16:256][776]LogUObjectHash: Compacting FUObjectHashTables data took   1.22ms
[2020.10.02-01.24.16:298][777]LogPlayLevel: Display: Destroying online subsystem :Context_3
[2020.10.02-01.24.26:038][311]Cmd: TRANSACTION UNDO
[2020.10.02-01.24.26:038][311]LogEditorTransaction: Undo Foliage Editing
[2020.10.02-01.24.44:235][357]LogTemp: Repeating last play command: Selected Viewport
[2020.10.02-01.24.44:258][357]LogPlayLevel: PlayLevel: No blueprints needed recompiling
[2020.10.02-01.24.44:259][357]PIE: New page: PIE session: menu (Oct 1, 2020, 3:24:44 PM)
[2020.10.02-01.24.44:259][357]LogPlayLevel: Creating play world package: /Game/Levels/UEDPIE_0_menu
[2020.10.02-01.24.44:352][357]LogPlayLevel: PIE: StaticDuplicateObject took: (0.092559s)
[2020.10.02-01.24.44:353][357]LogAIModule: Creating AISystem for world menu
[2020.10.02-01.24.44:353][357]LogAISub: UAISubsystem::UAISubsystem EnvQueryManager (000001AEE357E600), frame # 5357
[2020.10.02-01.24.44:353][357]LogAISub: UAISubsystem::UAISubsystem AIPerceptionSystem (000001AF152F7740), frame # 5357
[2020.10.02-01.24.44:353][357]LogPlayLevel: PIE: World Init took: (0.001416s)
[2020.10.02-01.24.44:353][357]LogPlayLevel: PIE: Created PIE world by copying editor world from /Game/Levels/menu.menu to /Game/Levels/UEDPIE_0_menu.menu (0.094125s)
[2020.10.02-01.24.44:366][357]LogUObjectHash: Compacting FUObjectHashTables data took   0.97ms
[2020.10.02-01.24.44:369][357]LogAudioMixer: Display: Audio Mixer Platform Settings:
[2020.10.02-01.24.44:369][357]LogAudioMixer: Display: 	Sample Rate:						  48000
[2020.10.02-01.24.44:369][357]LogAudioMixer: Display: 	Callback Buffer Frame Size Requested: 1024
[2020.10.02-01.24.44:369][357]LogAudioMixer: Display: 	Callback Buffer Frame Size To Use:	  1024
[2020.10.02-01.24.44:369][357]LogAudioMixer: Display: 	Number of buffers to queue:			  2
[2020.10.02-01.24.44:369][357]LogAudioMixer: Display: 	Max Channels (voices):				  32
[2020.10.02-01.24.44:369][357]LogAudioMixer: Display: 	Number of Async Source Workers:		  0
[2020.10.02-01.24.44:369][357]LogAudio: Display: AudioDevice MaxSources: 32
[2020.10.02-01.24.44:370][357]LogAudio: Display: Using built-in audio occlusion.
[2020.10.02-01.24.44:370][357]LogAudioMixer: Display: Initializing audio mixer.
[2020.10.02-01.24.44:372][357]LogAudioMixer: Display: 0: FrontLeft
[2020.10.02-01.24.44:372][357]LogAudioMixer: Display: 1: FrontRight
[2020.10.02-01.24.44:399][357]LogAudioMixer: Display: Using Audio Device Altavoces (Sound Blaster Recon3Di)
[2020.10.02-01.24.44:399][357]LogAudioMixer: Display: Initializing Sound Submixes...
[2020.10.02-01.24.44:399][357]LogAudioMixer: Display: Creating Master Submix 'MasterSubmixDefault'
[2020.10.02-01.24.44:399][357]LogAudioMixer: Display: Creating Master Submix 'MasterReverbSubmixDefault'
[2020.10.02-01.24.44:400][357]LogAudioMixer: Display: Creating Master Submix 'MasterEQSubmixDefault'
[2020.10.02-01.24.44:425][357]LogInit: FAudioDevice initialized.
[2020.10.02-01.24.44:438][357]LogLoad: Game class is 'ThirdPersonGameMode_C'
[2020.10.02-01.24.44:458][357]LogWorld: Bringing World /Game/Levels/UEDPIE_0_menu.menu up for play (max tick rate 0) at 2020.10.01-20.24.44
[2020.10.02-01.24.44:459][357]LogWorld: Bringing up level for play took: 0.020532
[2020.10.02-01.24.44:459][357]LogOnline: OSS: Creating online subsystem instance for: :Context_4
[2020.10.02-01.24.44:477][357]PIE: Server logged in
[2020.10.02-01.24.44:478][357]PIE: Play in editor total start time 0.221 seconds.
[2020.10.02-01.24.55:453][ 26]LogSlate: Updating window title bar state: overlay mode, drag disabled, window buttons hidden, title bar hidden
[2020.10.02-01.24.55:453][ 26]LogWorld: BeginTearingDown for /Game/Levels/UEDPIE_0_menu
[2020.10.02-01.24.55:453][ 26]LogWorld: UWorld::CleanupWorld for menu, bSessionEnded=true, bCleanupResources=true
[2020.10.02-01.24.55:456][ 26]LogSlate: InvalidateAllWidgets triggered.  All widgets were invalidated
[2020.10.02-01.24.55:468][ 26]LogPlayLevel: Display: Shutting down PIE online subsystems
[2020.10.02-01.24.55:470][ 26]LogSlate: InvalidateAllWidgets triggered.  All widgets were invalidated
[2020.10.02-01.24.55:484][ 26]LogSlate: Updating window title bar state: overlay mode, drag disabled, window buttons hidden, title bar hidden
[2020.10.02-01.24.55:516][ 26]LogAISub: UAISubsystem::~UAISubsystem AIPerceptionSystem (000001AF152F7740), frame # 6026
[2020.10.02-01.24.55:516][ 26]LogAISub: UAISubsystem::~UAISubsystem EnvQueryManager (000001AEE357E600), frame # 6026
[2020.10.02-01.24.55:518][ 26]LogUObjectHash: Compacting FUObjectHashTables data took   0.81ms
[2020.10.02-01.24.55:558][ 27]LogPlayLevel: Display: Destroying online subsystem :Context_4
[2020.10.02-01.24.58:603][159]MapCheck: New page: Map Check
[2020.10.02-01.24.58:623][159]LightingResults: New page: Lighting Build - Oct 1, 2020, 3:24:58 PM
[2020.10.02-01.24.58:666][159]LightingResults: Warning: InstancedFoliageActor_0 The total lightmap size for this InstancedStaticMeshComponent was too big and it was automatically reduced. Consider reducing the component's lightmap resolution or number of mesh instances in this component
[2020.10.02-01.24.58:666][159]LightingResults: Warning: InstancedFoliageActor_0 The total lightmap size for this InstancedStaticMeshComponent is large, consider reducing the component's lightmap resolution or number of mesh instances in this component
[2020.10.02-01.24.58:667][159]LightingResults: Warning: InstancedFoliageActor_0 Instanced meshes don't yet support unique static lighting for each LOD. Lighting on LOD 1+ may be incorrect unless lightmap UVs are the same for all LODs.
[2020.10.02-01.24.58:847][159]LogSwarmInterface: [OpenConnection] Registering TCP channel ...
[2020.10.02-01.24.58:965][159]LogSwarmInterface: [OpenConnection] Connecting to agent ...
[2020.10.02-01.24.58:984][159]LogSwarmInterface: [TryOpenConnection] Testing the Agent
[2020.10.02-01.25.00:006][159]LogSwarmInterface: [TryOpenConnection] Opening Connection to Agent
[2020.10.02-01.25.00:006][159]LogSwarmInterface: [TryOpenConnection] Local Process ID is 27848
[2020.10.02-01.25.02:670][159]LightingResults: Warning: No importance volume found and the scene is so large that the automatically synthesized volume will not yield good results.  Please add a tightly bounding lightmass importance volume to optimize your scene's quality and lighting build times.
[2020.10.02-01.25.03:280][159]LogStaticLightingSystem: Running Lightmass w/ ImmediateImport mode ENABLED
[2020.10.02-01.25.03:280][159]LogStaticLightingSystem: Running Lightmass w/ ImmediateProcess mode ENABLED
[2020.10.02-01.25.03:280][159]LogStaticLightingSystem: Running Lightmass w/ Sorting mode ENABLED
[2020.10.02-01.25.03:280][159]LogStaticLightingSystem: Running Lightmass w/ Mapping paddings ENABLED
[2020.10.02-01.25.03:280][159]LogStaticLightingSystem: Running Lightmass w/ Mapping debug paddings DISABLED
[2020.10.02-01.25.04:171][159]LogEditorBuildUtils: Build time 0:05
[2020.10.02-01.25.04:238][160]LogMaterial: Display: Missing cached shader map for material FLightmassMaterialRenderer LandscapeMaterialInstanceConstant_17, compiling. 
[2020.10.02-01.25.04:336][160]LogMaterial: Display: Missing cached shader map for material FLightmassMaterialRenderer LandscapeMaterialInstanceConstant_17, compiling. 
[2020.10.02-01.25.04:380][161]LogShaderCompilers: Display: Worker (1/5): shaders left to compile 2
[2020.10.02-01.25.04:380][161]LogShaderCompilers: Display: Worker (2/5): shaders left to compile 1
[2020.10.02-01.25.04:433][161]LogShaderCompilers: Display: Worker (3/5): shaders left to compile 2
[2020.10.02-01.25.04:433][161]LogShaderCompilers: Display: Worker (4/5): shaders left to compile 1
[2020.10.02-01.25.06:983][190]LogUObjectHash: Compacting FUObjectHashTables data took   0.95ms
[2020.10.02-01.26.25:833][847]LogAudioMixer: Display: Audio Buffer Underrun detected.
[2020.10.02-01.26.39:373][847]LogAudioMixer: Display: Audio Buffer Underrun detected.
[2020.10.02-01.26.50:406][847]LogTemp: Resetting audio stream to device id 
[2020.10.02-01.26.53:850][847]LogAudioMixer: Display: 0: FrontLeft
[2020.10.02-01.26.53:850][847]LogAudioMixer: Display: 1: FrontRight
[2020.10.02-01.26.56:476][848]LogTemp: Resetting audio stream to device id 
[2020.10.02-01.26.56:517][848]LogAudioMixer: Display: 0: FrontLeft
[2020.10.02-01.26.56:517][848]LogAudioMixer: Display: 1: FrontRight
[2020.10.02-01.32.30:142][840]LightingResults: Warning: pCube82 Object has overlapping UVs.
[2020.10.02-01.32.30:145][840]LightingResults: pCube82 Lightmap UV are overlapping by 49.3%. Please adjust content - Enable Error Coloring to visualize.
[2020.10.02-01.32.30:145][840]LightingResults: Warning: pCube81 Object has overlapping UVs.
[2020.10.02-01.32.30:145][840]LightingResults: pCube81 Lightmap UV are overlapping by 44.8%. Please adjust content - Enable Error Coloring to visualize.
[2020.10.02-01.32.30:146][840]LightingResults: Warning: pCube61 Object has overlapping UVs.
[2020.10.02-01.32.30:146][840]LightingResults: pCube61 Lightmap UV are overlapping by 50.0%. Please adjust content - Enable Error Coloring to visualize.
[2020.10.02-01.32.30:147][840]LightingResults: Warning: pCube69 Object has overlapping UVs.
[2020.10.02-01.32.30:147][840]LightingResults: pCube69 Lightmap UV are overlapping by 47.1%. Please adjust content - Enable Error Coloring to visualize.
[2020.10.02-01.32.30:357][841]LightingResults: Warning: pCube72 Object has overlapping UVs.
[2020.10.02-01.32.30:367][841]LightingResults: pCube72 Lightmap UV are overlapping by 36.1%. Please adjust content - Enable Error Coloring to visualize.
[2020.10.02-01.32.30:369][841]LightingResults: Warning: pCube298 Object has overlapping UVs.
[2020.10.02-01.32.30:370][841]LightingResults: pCube298 Lightmap UV are overlapping by 50.0%. Please adjust content - Enable Error Coloring to visualize.
[2020.10.02-01.32.41:698][875]LightingResults: Warning: pCube299 Object has overlapping UVs.
[2020.10.02-01.32.41:698][875]LightingResults: pCube299 Lightmap UV are overlapping by 50.0%. Please adjust content - Enable Error Coloring to visualize.
[2020.10.02-01.32.42:022][876]LightingResults: Warning: pCube301 Object has overlapping UVs.
[2020.10.02-01.32.42:022][876]LightingResults: pCube301 Lightmap UV are overlapping by 50.0%. Please adjust content - Enable Error Coloring to visualize.
[2020.10.02-01.32.42:022][876]LightingResults: Warning: pCube300 Object has overlapping UVs.
[2020.10.02-01.32.42:022][876]LightingResults: pCube300 Lightmap UV are overlapping by 50.0%. Please adjust content - Enable Error Coloring to visualize.
[2020.10.02-01.32.42:022][876]LightingResults: Warning: pCube302 Object has overlapping UVs.
[2020.10.02-01.32.42:022][876]LightingResults: pCube302 Lightmap UV are overlapping by 50.0%. Please adjust content - Enable Error Coloring to visualize.
[2020.10.02-01.33.39:147][ 37]LogUObjectHash: Compacting FUObjectHashTables data took  13.47ms
[2020.10.02-01.33.39:879][ 37]Cmd: OBJ SAVEPACKAGE PACKAGE="/Game/Levels/menu" FILE="../../../../../projects/Neocat_Samurai/neocat/Saved/Autosaves/Game/Levels/menu_Auto1.umap" SILENT=true AUTOSAVING=true KEEPDIRTY=false
[2020.10.02-01.33.42:572][ 37]LogSavePackage: Moving '../../../../../projects/Neocat_Samurai/neocat/Saved/menu_Auto1F80AAC6B4894EF9634D8ECAB0A27580E.tmp' to '../../../../../projects/Neocat_Samurai/neocat/Saved/Autosaves/Game/Levels/menu_Auto1.umap'
[2020.10.02-01.33.42:841][ 37]LogFileHelpers: Editor autosave (incl. sublevels) for '/Game/Levels/menu' took 5.389
[2020.10.02-01.33.42:853][ 37]LogFileHelpers: Editor autosave (incl. sublevels) for all levels took 5.389
[2020.10.02-01.34.13:111][184]LogSlate: Window 'Message Log' being destroyed
[2020.10.02-01.34.13:171][184]LogSlate: Window 'Message Log' being destroyed
[2020.10.02-01.36.52:655][520]Job is a success!
[2020.10.02-01.36.55:509][521]LogVolumetricLightmapImport: Imported Volumetric Lightmap in 0.385s
[2020.10.02-01.36.55:510][521]LogVolumetricLightmapImport:      Indirection Texture 32x32x32 = 0.1Mb
[2020.10.02-01.36.55:510][521]LogVolumetricLightmapImport:      BrickData (all levels) 2.5Mb (trimmed 4.5Mb due to 0.010000 MinBrickError)
[2020.10.02-01.36.55:510][521]LogVolumetricLightmapImport:      Bricks at depth
[2020.10.02-01.36.55:510][521]LogVolumetricLightmapImport:          0: 2.9% covering 100.0% of volume
[2020.10.02-01.36.55:510][521]LogVolumetricLightmapImport:          1: 23.2% covering 12.3% of volume
[2020.10.02-01.36.55:510][521]LogVolumetricLightmapImport:          2: 73.9% covering 0.6% of volume
[2020.10.02-01.36.55:510][521]LogVolumetricLightmapImport:      Bricks in each level
[2020.10.02-01.36.55:510][521]LogVolumetricLightmapImport:          menu 			 272 bricks 	 100.0% (Persistent Level)
[2020.10.02-01.37.24:922][521]LogTexture: Display: Building textures: HQ_Lightmap1_1 (AutoDXT, 4096X4096)
[2020.10.02-01.37.24:970][521]LogTexture: Display: Building textures: SkyOcclusion1_1 (AutoDXT, 4096X2048)
[2020.10.02-01.37.24:970][521]LogTexture: Display: Building textures: LQ_Lightmap_1_1 (DXT1, 4096X4096)
[2020.10.02-01.37.24:970][521]LogTexture: Display: Building textures: SkyOcclusion1_2 (AutoDXT, 256X128)
[2020.10.02-01.37.24:970][521]LogTexture: Display: Building textures: HQ_Lightmap1_2 (AutoDXT, 256X256)
[2020.10.02-01.37.24:970][521]LogTexture: Display: Building textures: LQ_Lightmap_1_2 (DXT1, 256X256)
[2020.10.02-01.37.24:970][521]LogTexture: Display: Building textures: SkyOcclusion1_3 (AutoDXT, 256X128)
[2020.10.02-01.37.24:970][521]LogTexture: Display: Building textures: HQ_Lightmap1_3 (AutoDXT, 256X256)
[2020.10.02-01.37.24:970][521]LogTexture: Display: Building textures: LQ_Lightmap_1_3 (DXT1, 256X256)
[2020.10.02-01.37.24:970][521]LogTexture: Display: Building textures: SkyOcclusion1_4 (AutoDXT, 256X128)
[2020.10.02-01.37.24:970][521]LogTexture: Display: Building textures: HQ_Lightmap1_4 (AutoDXT, 256X256)
[2020.10.02-01.37.24:970][521]LogTexture: Display: Building textures: LQ_Lightmap_1_4 (DXT1, 256X256)
[2020.10.02-01.37.24:970][521]LogTexture: Display: Building textures: SkyOcclusion1_5 (AutoDXT, 256X128)
[2020.10.02-01.37.24:970][521]LogTexture: Display: Building textures: HQ_Lightmap1_5 (AutoDXT, 256X256)
[2020.10.02-01.37.24:970][521]LogTexture: Display: Building textures: LQ_Lightmap_1_5 (DXT1, 256X256)
[2020.10.02-01.37.24:970][521]LogTexture: Display: Building textures: SkyOcclusion1_6 (AutoDXT, 256X128)
[2020.10.02-01.37.24:970][521]LogTexture: Display: Building textures: HQ_Lightmap1_6 (AutoDXT, 256X256)
[2020.10.02-01.37.24:970][521]LogTexture: Display: Building textures: LQ_Lightmap_1_6 (DXT1, 256X256)
[2020.10.02-01.37.24:970][521]LogTexture: Display: Building textures: SkyOcclusion1_7 (AutoDXT, 256X128)
[2020.10.02-01.37.24:970][521]LogTexture: Display: Building textures: HQ_Lightmap1_7 (AutoDXT, 256X256)
[2020.10.02-01.37.24:970][521]LogTexture: Display: Building textures: LQ_Lightmap_1_7 (DXT1, 256X256)
[2020.10.02-01.37.24:970][521]LogTexture: Display: Building textures: SkyOcclusion1_8 (AutoDXT, 256X128)
[2020.10.02-01.37.24:970][521]LogTexture: Display: Building textures: HQ_Lightmap1_8 (AutoDXT, 256X256)
[2020.10.02-01.37.24:970][521]LogTexture: Display: Building textures: LQ_Lightmap_1_8 (DXT1, 256X256)
[2020.10.02-01.37.24:970][521]LogTexture: Display: Building textures: SkyOcclusion1_9 (AutoDXT, 256X128)
[2020.10.02-01.37.24:970][521]LogTexture: Display: Building textures: HQ_Lightmap1_9 (AutoDXT, 256X256)
[2020.10.02-01.37.24:970][521]LogTexture: Display: Building textures: LQ_Lightmap_1_9 (DXT1, 256X256)
[2020.10.02-01.37.24:970][521]LogTexture: Display: Building textures: SkyOcclusion1_10 (AutoDXT, 256X128)
[2020.10.02-01.37.24:971][521]LogTexture: Display: Building textures: HQ_Lightmap1_10 (AutoDXT, 256X256)
[2020.10.02-01.37.24:971][521]LogTexture: Display: Building textures: LQ_Lightmap_1_10 (DXT1, 256X256)
[2020.10.02-01.37.24:971][521]LogTexture: Display: Building textures: SkyOcclusion1_11 (AutoDXT, 256X128)
[2020.10.02-01.37.24:971][521]LogTexture: Display: Building textures: HQ_Lightmap1_11 (AutoDXT, 256X256)
[2020.10.02-01.37.24:971][521]LogTexture: Display: Building textures: LQ_Lightmap_1_11 (DXT1, 256X256)
[2020.10.02-01.37.24:971][521]LogTexture: Display: Building textures: SkyOcclusion1_12 (AutoDXT, 256X128)
[2020.10.02-01.37.24:971][521]LogTexture: Display: Building textures: HQ_Lightmap1_12 (AutoDXT, 256X256)
[2020.10.02-01.37.24:971][521]LogTexture: Display: Building textures: LQ_Lightmap_1_12 (DXT1, 256X256)
[2020.10.02-01.37.24:971][521]LogTexture: Display: Building textures: SkyOcclusion1_13 (AutoDXT, 256X128)
[2020.10.02-01.37.24:971][521]LogTexture: Display: Building textures: HQ_Lightmap1_13 (AutoDXT, 256X256)
[2020.10.02-01.37.24:971][521]LogTexture: Display: Building textures: SkyOcclusion1_14 (AutoDXT, 256X128)
[2020.10.02-01.37.24:971][521]LogTexture: Display: Building textures: LQ_Lightmap_1_13 (DXT1, 256X256)
[2020.10.02-01.37.24:971][521]LogTexture: Display: Building textures: HQ_Lightmap1_14 (AutoDXT, 256X256)
[2020.10.02-01.37.24:971][521]LogTexture: Display: Building textures: LQ_Lightmap_1_14 (DXT1, 256X256)
[2020.10.02-01.37.24:971][521]LogTexture: Display: Building textures: SkyOcclusion1_15 (AutoDXT, 256X128)
[2020.10.02-01.37.24:971][521]LogTexture: Display: Building textures: LQ_Lightmap_1_15 (DXT1, 256X256)
[2020.10.02-01.37.24:971][521]LogTexture: Display: Building textures: HQ_Lightmap1_15 (AutoDXT, 256X256)
[2020.10.02-01.37.24:971][521]LogTexture: Display: Building textures: SkyOcclusion1_16 (AutoDXT, 256X128)
[2020.10.02-01.37.24:971][521]LogTexture: Display: Building textures: HQ_Lightmap1_16 (AutoDXT, 256X256)
[2020.10.02-01.37.24:971][521]LogTexture: Display: Building textures: LQ_Lightmap_1_16 (DXT1, 256X256)
[2020.10.02-01.37.24:971][521]LogTexture: Display: Building textures: SkyOcclusion1_17 (AutoDXT, 256X128)
[2020.10.02-01.37.24:971][521]LogTexture: Display: Building textures: HQ_Lightmap1_17 (AutoDXT, 256X256)
[2020.10.02-01.37.24:971][521]LogTexture: Display: Building textures: LQ_Lightmap_1_17 (DXT1, 256X256)
[2020.10.02-01.37.24:971][521]LogTexture: Display: Building textures: SkyOcclusion1_18 (AutoDXT, 64X32)
[2020.10.02-01.37.24:971][521]LogTexture: Display: Building textures: HQ_Lightmap1_18 (AutoDXT, 64X64)
[2020.10.02-01.37.24:971][521]LogTexture: Display: Building textures: LQ_Lightmap_1_18 (DXT1, 64X64)
[2020.10.02-01.37.26:304][521]Lightmass on DESKTOP-2QFE0BA: 12:13 min total, 1.55 sec importing, 1:33 min setup, 4:25 min photons, 6:12 min processing, 0 ms extra exporting [38495/38495 mappings]. Threads: 43:30 min total, 30:44 min processing.
[2020.10.02-01.37.26:790][521]LogStaticLightingSystem: menu_BuiltData storing lightmap data for 601 meshes in 18 LightmapResourceClusters (33.4 Meshes per cluster).
[2020.10.02-01.37.28:515][521]LogUObjectHash: Compacting FUObjectHashTables data took  24.87ms
[2020.10.02-01.37.28:806][521]LogStaticLightingSystem: Illumination: 12:29 min (18.6 sec encoding lightmaps, 28 ms encoding shadowmaps)
[2020.10.02-01.37.28:806][521]LogStaticLightingSystem: Lightmap texture memory:  45.3 MB (45.3 MB streaming, 0.0 MB non-streaming), 36 textures
[2020.10.02-01.37.28:806][521]LogStaticLightingSystem: Shadowmap texture memory: 0.0 MB (0.0 MB streaming, 0.0 MB non-streaming), 0 textures
[2020.10.02-01.37.35:302][521]DumpUnbuiltLightIteractions
[2020.10.02-01.37.35:302][521]Lights with unbuilt interactions: 0
[2020.10.02-01.37.35:302][521]
[2020.10.02-01.37.35:302][521]Primitives with unbuilt interactions: 0
[2020.10.02-01.37.36:055][521]LogSlate: Took 0.086885 seconds to synchronously load lazily loaded font '../../../Engine/Content/Slate/Fonts/DroidSansMono.ttf' (77K)
[2020.10.02-01.37.36:121][522]Cmd: MAP CHECK NOTIFYRESULTS
[2020.10.02-01.37.36:174][522]MapCheck: New page: menu - Oct 1, 2020, 3:37:36 PM
[2020.10.02-01.37.36:368][522]MapCheck: Map check complete: 0 Error(s), 0 Warning(s), took 238.826ms to complete.
[2020.10.02-01.38.11:888][443]LogSlate: Window 'Message Log' being destroyed
[2020.10.02-01.38.11:910][443]LogSlate: Window 'Message Log' being destroyed
